Removed Pin From Net: NetName=NetD1_3 Pin=J1-1
Removed Pin From Net: NetName=NetD2_3 Pin=J1-3
Added Component: Designator=C12(CAP_450V_330uF)
Added Component: Designator=C13(CAP_3.3uF_630V)
Added Component: Designator=J7(Klema_PCB_15A)
Added Component: Designator=J8(Klema_PCB_15A)
Added Component: Designator=J9(Klema_PCB_15A)
Added Pin To Net: NetName=VCC Pin=C12-1
Added Pin To Net: NetName=GND Pin=C12-2
Added Pin To Net: NetName=NetC10_1 Pin=C13-1
Added Pin To Net: NetName=Net*PWM1_17 Pin=C13-2
Added Pin To Net: NetName=PE Pin=J9-1
Added Pin To Net: NetName=PE Pin=J9-1
Added Pin To Net: NetName=NetJ1_1 Pin=J1-1
Added Pin To Net: NetName=NetJ1_1 Pin=J8-1
Added Pin To Net: NetName=NetJ1_1 Pin=J8-1
Added Net: Name=NetJ1_1
Added Pin To Net: NetName=NetJ1_3 Pin=J1-3
Added Pin To Net: NetName=NetJ1_3 Pin=J7-1
Added Pin To Net: NetName=NetJ1_3 Pin=J7-1
Added Net: Name=NetJ1_3
Added Member To Class: ClassName=Sheet1 Member=Component *PWM1 PWM_controller
Added Member To Class: ClassName=Sheet1 Member=Component C12 450V_330uF
Added Member To Class: ClassName=Sheet1 Member=Component C13 3.3uF_630V
Added Member To Class: ClassName=Sheet1 Member=Component J7 Klema_15_A
Added Member To Class: ClassName=Sheet1 Member=Component J8 Klema_15_A
Added Member To Class: ClassName=Sheet1 Member=Component J9 Klema_15_A
Added Member To Class: ClassName=Sheet1 Member=Component U2 L7818CV
