Added Component: Designator=TP32(Test_Point)
Added Component: Designator=TP33(Test_Point)
Added Component: Designator=TP34(Test_Point)
Added Component: Designator=TP35(Test_Point)
Added Component: Designator=TP36(Test_Point)
Added Component: Designator=TP37(Test_Point)
Added Component: Designator=TP38(Test_Point)
Added Component: Designator=TP39(Test_Point)
Added Pin To Net: NetName=NetD10_1 Pin=TP32-1
Added Pin To Net: NetName=NetP1_4 Pin=TP33-1
Added Pin To Net: NetName=NetD10_2 Pin=TP34-1
Added Pin To Net: NetName=NetD9_1 Pin=TP35-1
Added Pin To Net: NetName=NetR14_2 Pin=TP36-1
Added Pin To Net: NetName=NetD14_1 Pin=TP37-1
Added Pin To Net: NetName=NetR18_1 Pin=TP38-1
Added Pin To Net: NetName=NetJ3_1 Pin=TP39-1
Added Member To Class: ClassName=Sheet1 Member=Component TP32 Test_Point_PCB
Added Member To Class: ClassName=Sheet1 Member=Component TP33 Test_Point_PCB
Added Member To Class: ClassName=Sheet1 Member=Component TP34 Test_Point_PCB
Added Member To Class: ClassName=Sheet1 Member=Component TP35 Test_Point_PCB
Added Member To Class: ClassName=Sheet1 Member=Component TP36 Test_Point_PCB
Added Member To Class: ClassName=Sheet1 Member=Component TP37 Test_Point_PCB
Added Member To Class: ClassName=Sheet1 Member=Component TP38 Test_Point_PCB
Added Member To Class: ClassName=Sheet1 Member=Component TP39 Test_Point_PCB
