Removed Pin From Net: NetName=GND Pin=C2-1
Removed Pin From Net: NetName=GND Pin=C6-1
Removed Pin From Net: NetName=GND Pin=C14-1
Removed Pin From Net: NetName=GND Pin=CN1-2
Removed Pin From Net: NetName=GND Pin=CN3-2
Removed Pin From Net: NetName=GND Pin=L1-1
Removed Pin From Net: NetName=GND Pin=L1-2
Removed Pin From Net: NetName=GND Pin=L1-3
Removed Pin From Net: NetName=GND Pin=L1-4
Removed Pin From Net: NetName=GND Pin=R29-3
Removed Pin From Net: NetName=GND Pin=R32-1
Removed Pin From Net: NetName=GND Pin=TP19-1
Removed Pin From Net: NetName=GND Pin=U4-3
Added Pin To Net: NetName=NetC2_1 Pin=C2-1
Added Pin To Net: NetName=NetC2_1 Pin=C6-1
Added Pin To Net: NetName=NetC2_1 Pin=C14-1
Added Pin To Net: NetName=NetC2_1 Pin=CN1-2
Added Pin To Net: NetName=NetC2_1 Pin=CN3-2
Added Pin To Net: NetName=NetC2_1 Pin=L1-1
Added Pin To Net: NetName=NetC2_1 Pin=L1-2
Added Pin To Net: NetName=NetC2_1 Pin=L1-3
Added Pin To Net: NetName=NetC2_1 Pin=L1-4
Added Pin To Net: NetName=NetC2_1 Pin=R29-3
Added Pin To Net: NetName=NetC2_1 Pin=R32-1
Added Pin To Net: NetName=NetC2_1 Pin=TP19-1
Added Pin To Net: NetName=NetC2_1 Pin=U4-3
Added Net: Name=NetC2_1
