Removed Pin From Net: NetName=NetC1_1 Pin=C1-1
Removed Pin From Net: NetName=NetC1_2 Pin=C1-2
Removed Pin From Net: NetName=NetC1_2 Pin=DD1-4
Removed Pin From Net: NetName=NetC1_1 Pin=DD1-5
Removed Pin From Net: NetName=T_SENS Pin=DD1-11
Removed Pin From Net: NetName=12V Pin=P1-1
Added Component: Designator=C2(CAP-TAN-C)
Added Component: Designator=C3(CAP-0603)
Added Component: Designator=DD2(SO8-150)
Added Component: Designator=R2(RES-0603)
Added Component: Designator=R3(RES-0603)
Added Component: Designator=R4(RES-0603)
Added Component: Designator=R5(RES-0603)
Added Component: Designator=R6(RES-0603)
Added Component: Designator=R7(RES-0603)
Added Component: Designator=R8(RES-0603)
Added Component: Designator=R9(RES-0603)
Added Component: Designator=R10(RES-0603)
Added Component: Designator=R11(RES-0603)
Added Component: Designator=R12(RES-0603)
Added Component: Designator=R13(RES-0603)
Added Component: Designator=R14(RES-0603)
Added Component: Designator=SB1(TACTB-6x6 SMD)
Added Component: Designator=VD1(LED-0603)
Added Component: Designator=VD2(LED-0603)
Added Component: Designator=VD3(LED-0603)
Added Component: Designator=VD4(LED-0603)
Added Component: Designator=VT1(SOT23-3)
Added Component: Designator=X6(CONN-PLS-4-2.54mm)
Added Component: Designator=X7(CONN-PLS-4-2.54mm)
Added Pin To Net: NetName=GND Pin=C1-1
Added Pin To Net: NetName=12V Pin=C2-1
Added Pin To Net: NetName=GND Pin=C2-2
Added Pin To Net: NetName=GND Pin=C3-1
Added Pin To Net: NetName=BUTTON Pin=C3-2
Added Pin To Net: NetName=GND Pin=DD1-5
Added Pin To Net: NetName=NetC1_1 Pin=DD1-11
Added Pin To Net: NetName=GND Pin=DD2-3
Added Pin To Net: NetName=GND Pin=DD2-4
Added Pin To Net: NetName=12V Pin=DD2-8
Added Pin To Net: NetName=NetC1_2 Pin=P1-1
Added Pin To Net: NetName=RESET Pin=R2-1
Added Pin To Net: NetName=RESET Pin=R3-2
Added Pin To Net: NetName=12V Pin=R4-1
Added Pin To Net: NetName=V_SENS Pin=R4-2
Added Pin To Net: NetName=V_SENS Pin=R5-1
Added Pin To Net: NetName=GND Pin=R5-2
Added Pin To Net: NetName=LED_1 Pin=R6-2
Added Pin To Net: NetName=LED_2 Pin=R7-2
Added Pin To Net: NetName=LED_3 Pin=R8-2
Added Pin To Net: NetName=LED_4 Pin=R9-2
Added Pin To Net: NetName=SCL Pin=R10-2
Added Pin To Net: NetName=SDA Pin=R11-2
Added Pin To Net: NetName=BUTTON Pin=R12-1
Added Pin To Net: NetName=BUTTON Pin=R13-1
Added Pin To Net: NetName=NetC1_1 Pin=R14-1
Added Pin To Net: NetName=T_SENS Pin=R14-2
Added Pin To Net: NetName=GND Pin=SB1-3
Added Pin To Net: NetName=GND Pin=SB1-4
Added Pin To Net: NetName=GND Pin=VD1-1
Added Pin To Net: NetName=GND Pin=VD2-1
Added Pin To Net: NetName=GND Pin=VD3-1
Added Pin To Net: NetName=GND Pin=VD4-1
Added Pin To Net: NetName=T_SENS Pin=VT1-1
Added Pin To Net: NetName=12V Pin=VT1-2
Added Pin To Net: NetName=NetC1_2 Pin=VT1-3
Added Pin To Net: NetName=CLK Pin=X6-2
Added Pin To Net: NetName=DIO Pin=X6-3
Added Pin To Net: NetName=GND Pin=X6-4
Added Pin To Net: NetName=SDA Pin=X7-1
Added Pin To Net: NetName=SCL Pin=X7-2
Added Pin To Net: NetName=RX Pin=X7-3
Added Pin To Net: NetName=TX Pin=X7-4
Change Net Name : Old Net Name=NetC1_1 New Net Name=VT
Change Net Name : Old Net Name=NetC1_2 New Net Name=PS_12V
Change Net Name : Old Net Name=T_SENS New Net Name=NetR14_2
Added Pin To Net: NetName=3.3V Pin=C1-2
Added Pin To Net: NetName=3.3V Pin=DD1-4
Added Pin To Net: NetName=3.3V Pin=DD2-1
Added Pin To Net: NetName=3.3V Pin=DD2-2
Added Pin To Net: NetName=3.3V Pin=R3-1
Added Pin To Net: NetName=3.3V Pin=R10-1
Added Pin To Net: NetName=3.3V Pin=R11-1
Added Pin To Net: NetName=3.3V Pin=R12-2
Added Pin To Net: NetName=3.3V Pin=X6-1
Added Net: Name=3.3V
Added Pin To Net: NetName=NetDD2_5 Pin=DD2-5
Added Pin To Net: NetName=NetDD2_5 Pin=R2-2
Added Net: Name=NetDD2_5
Added Pin To Net: NetName=NetDD2_6 Pin=DD2-6
Added Pin To Net: NetName=NetDD2_6 Pin=DD2-7
Added Net: Name=NetDD2_6
Added Pin To Net: NetName=NetR6_1 Pin=R6-1
Added Pin To Net: NetName=NetR6_1 Pin=VD1-2
Added Net: Name=NetR6_1
Added Pin To Net: NetName=NetR7_1 Pin=R7-1
Added Pin To Net: NetName=NetR7_1 Pin=VD2-2
Added Net: Name=NetR7_1
Added Pin To Net: NetName=NetR8_1 Pin=R8-1
Added Pin To Net: NetName=NetR8_1 Pin=VD3-2
Added Net: Name=NetR8_1
Added Pin To Net: NetName=NetR9_1 Pin=R9-1
Added Pin To Net: NetName=NetR9_1 Pin=VD4-2
Added Net: Name=NetR9_1
Added Pin To Net: NetName=NetR13_2 Pin=R13-2
Added Pin To Net: NetName=NetR13_2 Pin=SB1-1
Added Pin To Net: NetName=NetR13_2 Pin=SB1-2
Added Net: Name=NetR13_2
