Added Component: Designator=C1(CAP-0603)
Added Component: Designator=DD1(TSSOP-20)
Added Component: Designator=P1(Point)
Added Component: Designator=P2(Point)
Added Component: Designator=R1(RES-2512)
Added Component: Designator=X5(CON_6PIN_BATT_DEFIBRILLATOR)
Added Pin To Net: NetName=SCL Pin=DD1-1
Added Pin To Net: NetName=SDA Pin=DD1-2
Added Pin To Net: NetName=GND_IN Pin=DD1-8
Added Pin To Net: NetName=12V Pin=P1-1
Added Pin To Net: NetName=GND Pin=P2-1
Added Pin To Net: NetName=GND_IN Pin=R1-1
Added Pin To Net: NetName=GND_IN Pin=R1-1
Added Pin To Net: NetName=GND Pin=R1-2
Added Pin To Net: NetName=GND Pin=R1-2
Added Pin To Net: NetName=GND_IN Pin=X5-1
Added Pin To Net: NetName=GND_IN Pin=X5-1
Added Pin To Net: NetName=GND Pin=X5-2
Added Pin To Net: NetName=RESET_+3.3v Pin=X5-3
Added Pin To Net: NetName=SDA Pin=X5-4
Added Pin To Net: NetName=SCL Pin=X5-5
Added Pin To Net: NetName=12V Pin=X5-6
Change Net Name : Old Net Name=GND_IN New Net Name=I_SENS
Added Pin To Net: NetName=BUTTON Pin=DD1-3
Added Net: Name=BUTTON
Added Pin To Net: NetName=CLK Pin=DD1-19
Added Net: Name=CLK
Added Pin To Net: NetName=DIO Pin=DD1-18
Added Net: Name=DIO
Added Pin To Net: NetName=LED_1 Pin=DD1-17
Added Net: Name=LED_1
Added Pin To Net: NetName=LED_2 Pin=DD1-16
Added Net: Name=LED_2
Added Pin To Net: NetName=LED_3 Pin=DD1-13
Added Net: Name=LED_3
Added Pin To Net: NetName=LED_4 Pin=DD1-12
Added Net: Name=LED_4
Added Pin To Net: NetName=NetC1_1 Pin=C1-1
Added Pin To Net: NetName=NetC1_1 Pin=DD1-5
Added Net: Name=NetC1_1
Added Pin To Net: NetName=NetC1_2 Pin=C1-2
Added Pin To Net: NetName=NetC1_2 Pin=DD1-4
Added Net: Name=NetC1_2
Added Pin To Net: NetName=RESET Pin=DD1-6
Added Net: Name=RESET
Added Pin To Net: NetName=RX Pin=DD1-10
Added Net: Name=RX
Added Pin To Net: NetName=T_SENS Pin=DD1-11
Added Net: Name=T_SENS
Added Pin To Net: NetName=TX Pin=DD1-9
Added Net: Name=TX
Added Pin To Net: NetName=V_SENS Pin=DD1-7
Added Net: Name=V_SENS
