Removed Pin From Net: NetName=NetC4_2 Pin=D1-1
Removed Pin From Net: NetName=GND Pin=D1-2
Removed Pin From Net: NetName=NetC4_1 Pin=D3-1
Removed Pin From Net: NetName=GND Pin=D3-2
Removed Pin From Net: NetName=NetD4_1 Pin=D4-1
Removed Pin From Net: NetName=NetC4_2 Pin=D4-2
Removed Pin From Net: NetName=NetD4_1 Pin=D5-1
Removed Pin From Net: NetName=NetC4_1 Pin=D5-2
Removed Pin From Net: NetName=NetC13_1 Pin=R3-2
Removed Pin From Net: NetName=NetD4_1 Pin=RT1-2
Removed Pin From Net: NetName=NetC13_1 Pin=U1-2
Removed Pin From Net: NetName=NetC13_1 Pin=U1-2
Change Component Footprint: Designator=D1 Old Footprint=SR5100(DO-201AD New Footprint=RS40X
Change Component Comment : Designator=D1 Old Comment=SR5100 New Comment=RS40X
Added Component: Designator=TP31(Test_Point)
Added Pin To Net: NetName=GND Pin=D1-1
Added Pin To Net: NetName=NetC4_2 Pin=D1-2
Added Pin To Net: NetName=NetC4_1 Pin=D1-3
Added Pin To Net: NetName=NetD4_1 Pin=R3-2
Added Pin To Net: NetName=NetC20_1 Pin=TP31-1
Added Pin To Net: NetName=NetD4_1 Pin=U1-2
Added Pin To Net: NetName=NetD4_1 Pin=U1-2
Change Net Name : Old Net Name=NetD4_1 New Net Name=NetR3_2
Added Pin To Net: NetName=NetD1_4 Pin=D1-4
Added Pin To Net: NetName=NetD1_4 Pin=RT1-2
Added Net: Name=NetD1_4
