Removed Pin From Net: NetName=NetT1_2 Pin=T1-2
Removed Pin From Net: NetName=NetT1_3 Pin=T1-3
Removed Pin From Net: NetName=GND Pin=T1-4
Removed Pin From Net: NetName=NetL1_1 Pin=T1-7
Removed Pin From Net: NetName=NetL1_1 Pin=T1-12
Removed Pin From Net: NetName=NetT1_13 Pin=T1-13
Removed Pin From Net: NetName=NetT1_3 Pin=TP1-1
Removed Pin From Net: NetName=NetT1_3 Pin=VD1-2
Removed Pin From Net: NetName=NetT1_13 Pin=VD12-2
Added Pin To Net: NetName=NetT1_2 Pin=T1-3
Added Pin To Net: NetName=NetT1_13 Pin=T1-4
Added Pin To Net: NetName=GND Pin=T1-6
Added Pin To Net: NetName=NetL1_1 Pin=T1-9
Added Pin To Net: NetName=NetL1_1 Pin=T1-10
Added Pin To Net: NetName=NetT1_3 Pin=T1-12
Added Pin To Net: NetName=NetT1_13 Pin=TP1-1
Added Pin To Net: NetName=NetT1_13 Pin=VD1-2
Added Pin To Net: NetName=NetT1_3 Pin=VD12-2
Change Net Name : Old Net Name=NetT1_2 New Net Name=NetT1_3
Change Net Name : Old Net Name=NetT1_3 New Net Name=NetT1_12
Change Net Name : Old Net Name=NetT1_13 New Net Name=NetT1_4
