Removed Pin From Net: NetName=GND Pin=C14-1
Removed Pin From Net: NetName=NetC13_1 Pin=C14-2
Removed Pin From Net: NetName=NetC20_1 Pin=C21-1
Removed Pin From Net: NetName=GND Pin=C21-2
Removed Pin From Net: NetName=GND Pin=R1-1
Removed Pin From Net: NetName=NetDA1_3 Pin=R1-2
Removed Pin From Net: NetName=NetC20_1 Pin=R4-1
Removed Pin From Net: NetName=NetC8_1 Pin=R4-2
Removed Pin From Net: NetName=NetC13_1 Pin=R5-1
Removed Pin From Net: NetName=GND Pin=R5-2
Removed Pin From Net: NetName=NetC7_2 Pin=R10-1
Removed Pin From Net: NetName=NetC7_1 Pin=R10-2
Removed Pin From Net: NetName=NetC18_1 Pin=R18-1
Removed Pin From Net: NetName=PWM_V Pin=R18-2
Removed Pin From Net: NetName=NetR19_1 Pin=R19-1
Removed Pin From Net: NetName=NetC12_1 Pin=R21-1
Removed Pin From Net: NetName=NetDA1_1 Pin=R22-1
Removed Pin From Net: NetName=+350V Pin=R23-1
Removed Pin From Net: NetName=NetC15_1 Pin=R23-2
Removed Pin From Net: NetName=+20V Pin=R24-1
Removed Pin From Net: NetName=NetC19_1 Pin=R27-1
Removed Pin From Net: NetName=PWM_I Pin=R27-2
Removed Pin From Net: NetName=NetC22_2 Pin=R28-1
Removed Pin From Net: NetName=+20V Pin=R28-2
Removed Pin From Net: NetName=I_SENS Pin=R31-2
Removed Pin From Net: NetName=I_SENS Pin=R31-2
Removed Pin From Net: NetName=GND_1 Pin=R32-1
Removed Pin From Net: NetName=GND_1 Pin=R32-1
Removed Pin From Net: NetName=GND_1 Pin=R33-1
Removed Pin From Net: NetName=GND_1 Pin=R33-1
Removed Pin From Net: NetName=I_SENS Pin=R34-2
Removed Pin From Net: NetName=I_SENS Pin=R34-2
Removed Pin From Net: NetName=NetR24_2 Pin=VD10-2
Change Component Footprint: Designator=T1 Old Footprint=TRANS_ETD_29 New Footprint=ETD29_Transformer
Change Component Footprint: Designator=R1 Old Footprint=Vishay_CRCW0805-e3_IPC_A New Footprint=RES-0805
Change Component Footprint: Designator=R2 Old Footprint=Vishay_CRCW0805-e3_IPC_A New Footprint=RES-0805
Change Component Footprint: Designator=R4 Old Footprint=Vishay_CRCW0805-e3_IPC_A New Footprint=RES-0805
Change Component Footprint: Designator=R5 Old Footprint=Vishay_CRCW0805-e3_IPC_A New Footprint=RES-0805
Change Component Footprint: Designator=R6 Old Footprint=Vishay_CRCW0805-e3_IPC_A New Footprint=RES-0805
Change Component Footprint: Designator=R9 Old Footprint=Vishay_CRCW0805-e3_IPC_A New Footprint=RES-0805
Change Component Footprint: Designator=R10 Old Footprint=Vishay_CRCW0805-e3_IPC_A New Footprint=RES-0805
Change Component Footprint: Designator=R18 Old Footprint=Vishay_CRCW0805-e3_IPC_A New Footprint=RES-0805
Change Component Footprint: Designator=R19 Old Footprint=Vishay_CRCW0805-e3_IPC_A New Footprint=RES-0805
Change Component Footprint: Designator=R21 Old Footprint=Vishay_CRCW0805-e3_IPC_A New Footprint=RES-0805
Change Component Footprint: Designator=R22 Old Footprint=Vishay_CRCW0805-e3_IPC_A New Footprint=RES-0805
Change Component Footprint: Designator=R23 Old Footprint=Vishay_CRCW0805-e3_IPC_A New Footprint=RES-0805
Change Component Footprint: Designator=R24 Old Footprint=Vishay_CRCW0805-e3_IPC_A New Footprint=RES-0805
Change Component Comment : Designator=R5 Old Comment=1k New Comment=100K
Change Component Comment : Designator=R24 Old Comment=2.7K New Comment=1K
Change Component Comment : Designator=R23 Old Comment=22K New Comment=2.7K
Change Component Comment : Designator=R10 Old Comment=100K New Comment=75K
Change Component Comment : Designator=C14 Old Comment=EEE-1HA101UP New Comment=50V 1uF
Change Managed Component Library Link : Designator=C14 Old VaultGUID=B7D15EC3-160A-466F-A46C-7801FE6295A7 New VaultGUID=B7D15EC3-160A-466F-A46C-7801FE6295A7 Old ItemGUID=CF6EA142-35BA-4B82-8994-8056AADBF3EB New ItemGUID=B9488122-88ED-4EC5-84F7-203174F09D93 Old RevisionGUID=E7281838-3F35-42A2-A677-99C222CE486A New RevisionGUID=3073E26B-F5D9-41D4-961E-5BC2B966745A
Change component parameters: Designator = "R1" ("R1"); Footprint = "Vishay_CRCW0805-e3_IPC_A"; UniqueID = "\HCVIHNSM" ("\HCVIHNSM")
Change component parameters: Designator = "R2" ("R2"); Footprint = "Vishay_CRCW0805-e3_IPC_A"; UniqueID = "\CAMNYXYO" ("\CAMNYXYO")
Change component parameters: Designator = "R4" ("R4"); Footprint = "Vishay_CRCW0805-e3_IPC_A"; UniqueID = "\IIDMKMZZ" ("\IIDMKMZZ")
Change component parameters: Designator = "R5" ("R5"); Footprint = "Vishay_CRCW0805-e3_IPC_A"; UniqueID = "\NQSYKPJZ" ("\NQSYKPJZ")
Change component parameters: Designator = "R6" ("R6"); Footprint = "Vishay_CRCW0805-e3_IPC_A"; UniqueID = "\SONESLIL" ("\SONESLIL")
Change component parameters: Designator = "R9" ("R9"); Footprint = "Vishay_CRCW0805-e3_IPC_A"; UniqueID = "\OQSCOXBY" ("\OQSCOXBY")
Change component parameters: Designator = "R10" ("R10"); Footprint = "Vishay_CRCW0805-e3_IPC_A"; UniqueID = "\TOMXPBPK" ("\TOMXPBPK")
Change component parameters: Designator = "R18" ("R18"); Footprint = "Vishay_CRCW0805-e3_IPC_A"; UniqueID = "\FULFZWKO" ("\FULFZWKO")
Change component parameters: Designator = "R19" ("R19"); Footprint = "Vishay_CRCW0805-e3_IPC_A"; UniqueID = "\BOAZYNGD" ("\BOAZYNGD")
Change component parameters: Designator = "R21" ("R21"); Footprint = "Vishay_CRCW0805-e3_IPC_A"; UniqueID = "\ZRFCDBYN" ("\ZRFCDBYN")
Change component parameters: Designator = "R22" ("R22"); Footprint = "Vishay_CRCW0805-e3_IPC_A"; UniqueID = "\BYDVOSYF" ("\BYDVOSYF")
Change component parameters: Designator = "R23" ("R23"); Footprint = "Vishay_CRCW0805-e3_IPC_A"; UniqueID = "\XNREBLMU" ("\XNREBLMU")
Change component parameters: Designator = "R24" ("R24"); Footprint = "Vishay_CRCW0805-e3_IPC_A"; UniqueID = "\QUVGFTBC" ("\QUVGFTBC")
Change component parameters: Designator = "C14" ("C14"); Footprint = "FP-SF-MFG"; UniqueID = "\IRQJJCXT" ("\IRQJJCXT")
Change component parameters (AddParameter): Name = "Automotive"; Value = "No"; VariantName = "[No Variations]"
Change component parameters (AddParameter): Name = "Capacitance"; Value = "0.22 ?F"; VariantName = "[No Variations]"
Change component parameters (AddParameter): Name = "Category"; Value = "Cap"; VariantName = "[No Variations]"
Change component parameters (AddParameter): Name = "ComponentLink2Description"; Value = "Datasheet"; VariantName = "[No Variations]"
Change component parameters (AddParameter): Name = "ComponentLink2URL"; Value = "https://content.kemet.com/datasheets/KEM_C1003_C0G_SMD.pdf"; VariantName = "[No Variations]"
Change component parameters (AddParameter): Name = "Device Class L1"; Value = "Passive Components"; VariantName = "[No Variations]"
Change component parameters (AddParameter): Name = "Device Class L2"; Value = "Capacitors"; VariantName = "[No Variations]"
Change component parameters (AddParameter): Name = "Device Class L3"; Value = "Ceramic Capacitors"; VariantName = "[No Variations]"
Change component parameters (AddParameter): Name = "Digikey Description"; Value = "CAP CER 0.22UF 50V X7R 0805"; VariantName = "[No Variations]"
Change component parameters (AddParameter): Name = "Height"; Value = "0.88mm"; VariantName = "[No Variations]"
Change component parameters (AddParameter): Name = "Ipc Land Pattern Name"; Value = "CAPC200125X78"; VariantName = "[No Variations]"
Change component parameters (AddParameter): Name = "Lead Free"; Value = "Yes"; VariantName = "[No Variations]"
Change component parameters (AddParameter): Name = "Manufacturer"; Value = "KEMET"; VariantName = "[No Variations]"
Change component parameters (AddParameter): Name = "Manufacturer Part Number"; Value = "C0805C224K5RACTU"; VariantName = "[No Variations]"
Change component parameters (AddParameter): Name = "Material"; Value = "Ceramic"; VariantName = "[No Variations]"
Change component parameters (AddParameter): Name = "Mouser Description"; Value = "CAP CER 0.22UF 50V X7R 0805"; VariantName = "[No Variations]"
Change component parameters (AddParameter): Name = "Octopart"; Value = "https://octopart.com/c0805c224k5ractu-kemet-144670"; VariantName = "[No Variations]"
Change component parameters (AddParameter): Name = "Package"; Value = "C0805C-DN"; VariantName = "[No Variations]"
Change component parameters (AddParameter): Name = "RoHS"; Value = "TRUE"; VariantName = "[No Variations]"
Change component parameters (AddParameter): Name = "Temperature"; Value = "-55°C to +125°C"; VariantName = "[No Variations]"
Change component parameters (AddParameter): Name = "Temperature Characteristic"; Value = "X7R"; VariantName = "[No Variations]"
Change component parameters (AddParameter): Name = "Temperature Coefficient"; Value = "30ppm/°C"; VariantName = "[No Variations]"
Change component parameters (AddParameter): Name = "Temperature Range High"; Value = "+125°C"; VariantName = "[No Variations]"
Change component parameters (AddParameter): Name = "Temperature Range Low"; Value = "-55°C"; VariantName = "[No Variations]"
Change component parameters (AddParameter): Name = "Tolerance"; Value = "0.1"; VariantName = "[No Variations]"
Change component parameters (AddParameter): Name = "Value"; Value = "0.22 ?F"; VariantName = "[No Variations]"
Change component parameters (AddParameter): Name = "Voltage Rating"; Value = "50 V"; VariantName = "[No Variations]"
Added Component: Designator=R15(RES-2W)
Added Component: Designator=R16(RES-2W)
Added Component: Designator=R17(RES-0805)
Added Component: Designator=R25(RES-0805)
Added Pin To Net: NetName=NetC13_1 Pin=C14-1
Added Pin To Net: NetName=GND Pin=C14-2
Added Pin To Net: NetName=NetDA1_3 Pin=R1-1
Added Pin To Net: NetName=GND Pin=R1-2
Added Pin To Net: NetName=NetC8_1 Pin=R4-1
Added Pin To Net: NetName=NetC20_1 Pin=R4-2
Added Pin To Net: NetName=NetC7_2 Pin=R5-1
Added Pin To Net: NetName=NetC7_1 Pin=R5-2
Added Pin To Net: NetName=+350V Pin=R10-1
Added Pin To Net: NetName=NetC15_1 Pin=R10-2
Added Pin To Net: NetName=I_SENS Pin=R15-1
Added Pin To Net: NetName=GND_1 Pin=R15-2
Added Pin To Net: NetName=I_SENS Pin=R16-1
Added Pin To Net: NetName=GND_1 Pin=R16-2
Added Pin To Net: NetName=PWM_I Pin=R17-1
Added Pin To Net: NetName=NetC19_1 Pin=R17-2
Added Pin To Net: NetName=PWM_V Pin=R18-1
Added Pin To Net: NetName=NetC18_1 Pin=R18-2
Added Pin To Net: NetName=NetC22_2 Pin=R19-1
Added Pin To Net: NetName=NetR19_1 Pin=R21-1
Added Pin To Net: NetName=NetC12_1 Pin=R22-1
Added Pin To Net: NetName=+20V Pin=R22-2
Added Pin To Net: NetName=+20V Pin=R23-2
Added Pin To Net: NetName=NetR24_2 Pin=R25-1
Added Pin To Net: NetName=NetDA1_1 Pin=R25-2
Added Pin To Net: NetName=NetR24_2 Pin=VD16-1
Added Pin To Net: NetName=NetR24_2 Pin=VD17-1
Change Net Name : Old Net Name=NetR19_1 New Net Name=NetR20_1
Added Pin To Net: NetName=NetR23_1 Pin=R23-1
Added Pin To Net: NetName=NetR23_1 Pin=VD10-2
Added Net: Name=NetR23_1
Added Pin To Net: NetName=NetR24_1 Pin=R24-1
Added Pin To Net: NetName=NetR24_1 Pin=VD14-2
Added Net: Name=NetR24_1
