Added Component: Designator=VD31(DO-214BA)
Added Component: Designator=VD32(DO-214BA)
Added Component: Designator=VD33(DO-214BA)
Added Component: Designator=X3(CONN-PLS-5-2.54mm)
Added Component: Designator=X4(CONN-PLS-5-2.54mm)
Added Component: Designator=X5(CONN-PLS-5-2.54mm)
Added Pin To Net: NetName=NetVD31_1 Pin=VD31-1
Added Pin To Net: NetName=A_IN Pin=VD31-2
Added Pin To Net: NetName=NetVD32_1 Pin=VD32-1
Added Pin To Net: NetName=B_IN Pin=VD32-2
Added Pin To Net: NetName=NetVD33_1 Pin=VD33-1
Added Pin To Net: NetName=C_IN Pin=VD33-2
Added Pin To Net: NetName=NetVD31_1 Pin=X3-1
Added Pin To Net: NetName=NetVD32_1 Pin=X3-3
Added Pin To Net: NetName=NetVD33_1 Pin=X3-5
Added Pin To Net: NetName=A_IN Pin=X4-1
Added Pin To Net: NetName=A_OUT Pin=X4-2
Added Pin To Net: NetName=B_IN Pin=X4-4
Added Pin To Net: NetName=B_OUT Pin=X4-5
Added Pin To Net: NetName=C_IN Pin=X5-1
Added Pin To Net: NetName=C_OUT Pin=X5-2
Added Pin To Net: NetName=NEUTRAL Pin=X5-5
