Removed Pin From Net: NetName=NetD9_1 Pin=D9-1
Removed Pin From Net: NetName=NetC5_2 Pin=D9-2
Removed Pin From Net: NetName=NetD10_1 Pin=D10-1
Removed Pin From Net: NetName=NetC5_2 Pin=R14-1
Removed Pin From Net: NetName=GND Pin=R15-1
Removed Pin From Net: NetName=GND Pin=R23-1
Removed Pin From Net: NetName=NetD18_1 Pin=R25-1
Removed Pin From Net: NetName=NetD9_1 Pin=R36-1
Removed Pin From Net: NetName=NetP2_5 Pin=R36-2
Removed Member From Class: ClassName=POWER_SUPPLY_60V_60A Member=R36
Change Component Footprint: Designator=R14 Old Footprint=Bourns_3296W_MFG New Footprint=RES_Adj_3296W_Bourns
Change Component Footprint: Designator=R19 Old Footprint=Bourns_3296W_MFG New Footprint=RES_Adj_3296W_Bourns
Change Component Footprint: Designator=D9 Old Footprint=DIOD-SOD123-2_V New Footprint=DIOD-SOD123-2_V
Change Component Footprint: Designator=D10 Old Footprint=DIOD-SOD123-2_V New Footprint=DIOD-SOD123-2_V
Change Component Footprint: Designator=D14 Old Footprint=DIOD-SOD123-2_V New Footprint=DIOD-SOD123-2_V
Change Component Footprint: Designator=R11 Old Footprint=FP-CRCW0805-e3-MFG New Footprint=RES-0805
Change Component Footprint: Designator=R15 Old Footprint=FP-CRCW0805-e3-MFG New Footprint=RES-0805
Change Component Footprint: Designator=R18 Old Footprint=FP-CRCW0805-e3-MFG New Footprint=RES-0805
Change Component Footprint: Designator=R20 Old Footprint=FP-CRCW0805-e3-MFG New Footprint=RES-0805
Change Component Footprint: Designator=R21 Old Footprint=FP-CRCW0805-e3-MFG New Footprint=RES-0805
Change Component Footprint: Designator=R22 Old Footprint=FP-CRCW0805-e3-MFG New Footprint=RES-0805
Change Component Footprint: Designator=R23 Old Footprint=FP-CRCW0805-e3-MFG New Footprint=RES-0805
Change Component Footprint: Designator=R25 Old Footprint=FP-CRCW0805-e3-MFG New Footprint=RES-0805
Change Component Footprint: Designator=D18 Old Footprint=Wurth_Electronics_0_MFG New Footprint=LED_BLUE
Change Component Comment : Designator=R20 Old Comment=1M New Comment=10K
Change Component Comment : Designator=D9 Old Comment=1N4148W-7-F New Comment=
Change Component Comment : Designator=D10 Old Comment=1N4148W-7-F New Comment=
Change Component Comment : Designator=D14 Old Comment=1N4148W-7-F New Comment=
Change Component Comment : Designator=R25 Old Comment=10K New Comment=1M
Change Component Comment : Designator=R23 Old Comment=10K New Comment=20K
Change Component Comment : Designator=R18 Old Comment=20K New Comment=10K
Change Component Comment : Designator=R21 Old Comment=20K New Comment=10K
Change Component Comment : Designator=R14 Old Comment=3296W-1-202LF New Comment=10K
Change Component Comment : Designator=R19 Old Comment=3296W-1-202LF New Comment=10K
Change Component Comment : Designator=D18 Old Comment=151031YS06000 New Comment=LED
Change Component Designator: OldDesignator=RG? NewDesignator=RG1
Change Managed Component Library Link : Designator=D9 Old VaultGUID=B7D15EC3-160A-466F-A46C-7801FE6295A7 New VaultGUID= Old ItemGUID=F823AD29-621F-44F4-BA98-97744F3C2356 New ItemGUID= Old RevisionGUID=0FCB59B6-6CF2-40FF-8818-FCFF75A61028 New RevisionGUID=
Change Managed Component Library Link : Designator=D10 Old VaultGUID=B7D15EC3-160A-466F-A46C-7801FE6295A7 New VaultGUID= Old ItemGUID=F823AD29-621F-44F4-BA98-97744F3C2356 New ItemGUID= Old RevisionGUID=0FCB59B6-6CF2-40FF-8818-FCFF75A61028 New RevisionGUID=
Change Managed Component Library Link : Designator=D14 Old VaultGUID=B7D15EC3-160A-466F-A46C-7801FE6295A7 New VaultGUID= Old ItemGUID=F823AD29-621F-44F4-BA98-97744F3C2356 New ItemGUID= Old RevisionGUID=0FCB59B6-6CF2-40FF-8818-FCFF75A61028 New RevisionGUID=
Change Managed Component Library Link : Designator=R11 Old VaultGUID=B7D15EC3-160A-466F-A46C-7801FE6295A7 New VaultGUID= Old ItemGUID=18A6103D-484F-4EFD-9A86-4EC2EBA62D2F New ItemGUID= Old RevisionGUID=BB5FF57E-59B3-460F-9D81-DEC85E8540F4 New RevisionGUID=
Change Managed Component Library Link : Designator=R15 Old VaultGUID=B7D15EC3-160A-466F-A46C-7801FE6295A7 New VaultGUID= Old ItemGUID=18A6103D-484F-4EFD-9A86-4EC2EBA62D2F New ItemGUID= Old RevisionGUID=BB5FF57E-59B3-460F-9D81-DEC85E8540F4 New RevisionGUID=
Change Managed Component Library Link : Designator=R18 Old VaultGUID=B7D15EC3-160A-466F-A46C-7801FE6295A7 New VaultGUID= Old ItemGUID=18A6103D-484F-4EFD-9A86-4EC2EBA62D2F New ItemGUID= Old RevisionGUID=BB5FF57E-59B3-460F-9D81-DEC85E8540F4 New RevisionGUID=
Change Managed Component Library Link : Designator=R20 Old VaultGUID=B7D15EC3-160A-466F-A46C-7801FE6295A7 New VaultGUID= Old ItemGUID=18A6103D-484F-4EFD-9A86-4EC2EBA62D2F New ItemGUID= Old RevisionGUID=BB5FF57E-59B3-460F-9D81-DEC85E8540F4 New RevisionGUID=
Change Managed Component Library Link : Designator=R21 Old VaultGUID=B7D15EC3-160A-466F-A46C-7801FE6295A7 New VaultGUID= Old ItemGUID=18A6103D-484F-4EFD-9A86-4EC2EBA62D2F New ItemGUID= Old RevisionGUID=BB5FF57E-59B3-460F-9D81-DEC85E8540F4 New RevisionGUID=
Change Managed Component Library Link : Designator=R22 Old VaultGUID=B7D15EC3-160A-466F-A46C-7801FE6295A7 New VaultGUID= Old ItemGUID=18A6103D-484F-4EFD-9A86-4EC2EBA62D2F New ItemGUID= Old RevisionGUID=BB5FF57E-59B3-460F-9D81-DEC85E8540F4 New RevisionGUID=
Change Managed Component Library Link : Designator=R23 Old VaultGUID=B7D15EC3-160A-466F-A46C-7801FE6295A7 New VaultGUID= Old ItemGUID=18A6103D-484F-4EFD-9A86-4EC2EBA62D2F New ItemGUID= Old RevisionGUID=BB5FF57E-59B3-460F-9D81-DEC85E8540F4 New RevisionGUID=
Change Managed Component Library Link : Designator=R25 Old VaultGUID=B7D15EC3-160A-466F-A46C-7801FE6295A7 New VaultGUID= Old ItemGUID=18A6103D-484F-4EFD-9A86-4EC2EBA62D2F New ItemGUID= Old RevisionGUID=BB5FF57E-59B3-460F-9D81-DEC85E8540F4 New RevisionGUID=
Change component parameters: Designator = "R11" ("R11"); Footprint = "FP-CRCW0805-e3-MFG"; UniqueID = "\OBTOTOER" ("\OBTOTOER")
Change component parameters: Designator = "R15" ("R15"); Footprint = "FP-CRCW0805-e3-MFG"; UniqueID = "\WXEAXBWU" ("\WXEAXBWU")
Change component parameters: Designator = "R18" ("R18"); Footprint = "FP-CRCW0805-e3-MFG"; UniqueID = "\FVBTLOSS" ("\FVBTLOSS")
Change component parameters: Designator = "R20" ("R20"); Footprint = "FP-CRCW0805-e3-MFG"; UniqueID = "\VFCGGUVS" ("\VFCGGUVS")
Change component parameters: Designator = "R21" ("R21"); Footprint = "FP-CRCW0805-e3-MFG"; UniqueID = "\ELPEJOZW" ("\ELPEJOZW")
Change component parameters: Designator = "R22" ("R22"); Footprint = "FP-CRCW0805-e3-MFG"; UniqueID = "\ISYCJLWC" ("\ISYCJLWC")
Change component parameters: Designator = "R23" ("R23"); Footprint = "FP-CRCW0805-e3-MFG"; UniqueID = "\ZOALLOSB" ("\ZOALLOSB")
Change component parameters: Designator = "R25" ("R25"); Footprint = "FP-CRCW0805-e3-MFG"; UniqueID = "\WYVISPFA" ("\WYVISPFA")
Added Component: Designator=C6(CAP_POL_13x26_1000uF_50V)
Added Component: Designator=D22(BZX55B8V2)
Added Component: Designator=R31(RES-0805)
Added Component: Designator=R32(RES-0805)
Added Component: Designator=VD3(DO-017AA)
Added Pin To Net: NetName=Net*PWM1_1 Pin=C6-1
Added Pin To Net: NetName=GND Pin=C6-2
Added Pin To Net: NetName=NetC5_2 Pin=D9-1
Added Pin To Net: NetName=NetD9_1 Pin=D9-2
Added Pin To Net: NetName=NetD10_1 Pin=D10-2
Added Pin To Net: NetName=GND Pin=D22-2
Added Pin To Net: NetName=NetD9_1 Pin=R15-1
Added Pin To Net: NetName=NetP2_5 Pin=R15-2
Added Pin To Net: NetName=NetD18_1 Pin=R20-1
Added Pin To Net: NetName=NetC5_2 Pin=R23-2
Added Pin To Net: NetName=GND Pin=R31-1
Added Pin To Net: NetName=GND Pin=R32-1
Added Pin To Net: NetName=GND Pin=VD3-2
Change Net Name : Old Net Name=NetD9_1 New Net Name=NetD9_2
Change Net Name : Old Net Name=NetD10_1 New Net Name=NetD10_2
Added Pin To Net: NetName=NetD10_1 Pin=D10-1
Added Pin To Net: NetName=NetD10_1 Pin=D14-1
Added Pin To Net: NetName=NetD10_1 Pin=R20-2
Added Pin To Net: NetName=NetD10_1 Pin=R21-2
Added Pin To Net: NetName=NetD10_1 Pin=TP34-1
Added Pin To Net: NetName=NetD10_1 Pin=VD3-1
Added Pin To Net: NetName=NetD10_1 Pin=VT1-G
Added Net: Name=NetD10_1
Added Pin To Net: NetName=NetD14_2 Pin=D14-2
Added Pin To Net: NetName=NetD14_2 Pin=R25-1
Added Pin To Net: NetName=NetD14_2 Pin=R31-2
Added Pin To Net: NetName=NetD14_2 Pin=TP37-1
Added Pin To Net: NetName=NetD14_2 Pin=U1-7
Added Net: Name=NetD14_2
Added Pin To Net: NetName=NetD22_1 Pin=D22-1
Added Pin To Net: NetName=NetD22_1 Pin=R14-1
Added Pin To Net: NetName=NetD22_1 Pin=R18-1
Added Net: Name=NetD22_1
Added Pin To Net: NetName=NetR23_1 Pin=R23-1
Added Pin To Net: NetName=NetR23_1 Pin=R25-2
Added Pin To Net: NetName=NetR23_1 Pin=R32-2
Added Pin To Net: NetName=NetR23_1 Pin=TP38-1
Added Pin To Net: NetName=NetR23_1 Pin=U1-5
Added Net: Name=NetR23_1
Added Member To Class: ClassName=POWER_SUPPLY_60V_60A Member=Component C6 1000uF_50V
Added Member To Class: ClassName=POWER_SUPPLY_60V_60A Member=Component D22 BZX55B3V3
Added Member To Class: ClassName=POWER_SUPPLY_60V_60A Member=Component R31 10K
Added Member To Class: ClassName=POWER_SUPPLY_60V_60A Member=Component R32 20K
Added Member To Class: ClassName=POWER_SUPPLY_60V_60A Member=Component VD3 ZENER
