Removed Pin From Net: NetName=NetD?_1 Pin=D?-2
Removed Pin From Net: NetName=GND Pin=R?-1
Removed Pin From Net: NetName=NetD?_1 Pin=T?-4
Removed Pin From Net: NetName=NetD?_1 Pin=T?-4
Removed Pin From Net: NetName=NetD?_1 Pin=TP?-1
Removed Pin From Net: NetName=NetR?_1 Pin=U?-1
Removed Pin From Net: NetName=NetR?_1 Pin=U?-2
Removed Pin From Net: NetName=NetC?_2 Pin=U?-3
Added Pin To Net: NetName=GND Pin=D?-2
Added Pin To Net: NetName=NetD?_1 Pin=R?-1
Added Pin To Net: NetName=GND Pin=U?-3
Added Pin To Net: NetName=NetCR1_1 Pin=L?-1
Added Pin To Net: NetName=NetCR1_1 Pin=TP?-1
Added Pin To Net: NetName=NetCR1_1 Pin=U?-2
Added Net: Name=NetCR1_1
Added Pin To Net: NetName=NetD13_2 Pin=T?-3
Added Pin To Net: NetName=NetD13_2 Pin=T?-3
Added Pin To Net: NetName=NetD13_2 Pin=TP?-1
Added Net: Name=NetD13_2
Added Pin To Net: NetName=NetD16_2 Pin=T?-4
Added Pin To Net: NetName=NetD16_2 Pin=T?-4
Added Pin To Net: NetName=NetD16_2 Pin=TP?-1
Added Net: Name=NetD16_2
Added Net: Name=NetR30_2
Added Pin To Net: NetName=NetRP1_2 Pin=TP?-1
Added Pin To Net: NetName=NetRP1_2 Pin=U?-4
Added Net: Name=NetRP1_2
Added Member To Class: ClassName=POWER_SUPPLY_60V_60A Member=Component C? UKA1H101MPD1TD
Added Member To Class: ClassName=POWER_SUPPLY_60V_60A Member=Component C? UKA1H101MPD1TD
Added Member To Class: ClassName=POWER_SUPPLY_60V_60A Member=Component C? 0.1uF
Added Member To Class: ClassName=POWER_SUPPLY_60V_60A Member=Component D? BZX55B8V2-TAP
Added Member To Class: ClassName=POWER_SUPPLY_60V_60A Member=Component D? LED
Added Member To Class: ClassName=POWER_SUPPLY_60V_60A Member=Component J?
Added Member To Class: ClassName=POWER_SUPPLY_60V_60A Member=Component J? L-PE-N
Added Member To Class: ClassName=POWER_SUPPLY_60V_60A Member=Component J? 691101710002
Added Member To Class: ClassName=POWER_SUPPLY_60V_60A Member=Component J? MG_136_HT
Added Member To Class: ClassName=POWER_SUPPLY_60V_60A Member=Component J?
Added Member To Class: ClassName=POWER_SUPPLY_60V_60A Member=Component J?
Added Member To Class: ClassName=POWER_SUPPLY_60V_60A Member=Component J? MG_136_HT
Added Member To Class: ClassName=POWER_SUPPLY_60V_60A Member=Component J? TL-800
Added Member To Class: ClassName=POWER_SUPPLY_60V_60A Member=Component J? Jumper 1x2.54
Added Member To Class: ClassName=POWER_SUPPLY_60V_60A Member=Component L? 22µH, 2.04A
Added Member To Class: ClassName=POWER_SUPPLY_60V_60A Member=Component R? 10K
Added Member To Class: ClassName=POWER_SUPPLY_60V_60A Member=Component R? 10K
Added Member To Class: ClassName=POWER_SUPPLY_60V_60A Member=Component R? 10K
Added Member To Class: ClassName=POWER_SUPPLY_60V_60A Member=Component R? 1K
Added Member To Class: ClassName=POWER_SUPPLY_60V_60A Member=Component R? 10K
Added Member To Class: ClassName=POWER_SUPPLY_60V_60A Member=Component R? 1K
Added Member To Class: ClassName=POWER_SUPPLY_60V_60A Member=Component R? 1K
Added Member To Class: ClassName=POWER_SUPPLY_60V_60A Member=Component TP? Test_Point_PCB
Added Member To Class: ClassName=POWER_SUPPLY_60V_60A Member=Component TP? Test_Point_PCB
Added Member To Class: ClassName=POWER_SUPPLY_60V_60A Member=Component TP? Test_Point_PCB
Added Member To Class: ClassName=POWER_SUPPLY_60V_60A Member=Component TP? Test_Point_PCB
Added Member To Class: ClassName=POWER_SUPPLY_60V_60A Member=Component TP? Test_Point_PCB
Added Member To Class: ClassName=POWER_SUPPLY_60V_60A Member=Component TP? Test_Point_PCB
Added Member To Class: ClassName=POWER_SUPPLY_60V_60A Member=Component TP? Test_Point_PCB
Added Member To Class: ClassName=POWER_SUPPLY_60V_60A Member=Component TP? Test_Point_PCB
Added Member To Class: ClassName=POWER_SUPPLY_60V_60A Member=Component TP? Test_Point_PCB
Added Member To Class: ClassName=POWER_SUPPLY_60V_60A Member=Component TP? Test_Point_PCB
Added Member To Class: ClassName=POWER_SUPPLY_60V_60A Member=Component TP? Test_Point_PCB
Added Member To Class: ClassName=POWER_SUPPLY_60V_60A Member=Component TP? Test_Point_PCB
Added Member To Class: ClassName=POWER_SUPPLY_60V_60A Member=Component U?
PCB-ECO: Change Pad Pin/Pkg Length: Old=0mm New=2mm
PCB-ECO: Change Pad Pin/Pkg Length: Old=2mm New=0mm
