Added Component: Designator=K1(NT90RNCS12CB)
Add component (AddParameter): Name = "Application(s)"; Value = "GENERAL PURPOSE"; VariantName = "[No Variations]"
Add component (AddParameter): Name = "Approvals"; Value = "UL"; VariantName = "[No Variations]"
Add component (AddParameter): Name = "Coil Current"; Value = "21mA"; VariantName = "[No Variations]"
Add component (AddParameter): Name = "Coil Power"; Value = "1W"; VariantName = "[No Variations]"
Add component (AddParameter): Name = "Coil Resistance"; Value = "2.304kR"; VariantName = "[No Variations]"
Add component (AddParameter): Name = "Coil Type"; Value = "Non-Latching"; VariantName = "[No Variations]"
Add component (AddParameter): Name = "Coil Voltage (DC)"; Value = "48V"; VariantName = "[No Variations]"
Add component (AddParameter): Name = "Contact Current Rating"; Value = "30A"; VariantName = "[No Variations]"
Add component (AddParameter): Name = "Contact Material"; Value = "Silver"; VariantName = "[No Variations]"
Add component (AddParameter): Name = "Contact Voltage Rating (AC)"; Value = "277V"; VariantName = "[No Variations]"
Add component (AddParameter): Name = "Current Rating"; Value = "30A"; VariantName = "[No Variations]"
Add component (AddParameter): Name = "Depth"; Value = "27.43mm"; VariantName = "[No Variations]"
Add component (AddParameter): Name = "ELV"; Value = "Non-Compliant"; VariantName = "[No Variations]"
Add component (AddParameter): Name = "Height"; Value = "20.4mm"; VariantName = "[No Variations]"
Add component (AddParameter): Name = "Lead Free"; Value = "Lead Free"; VariantName = "[No Variations]"
Add component (AddParameter): Name = "Length"; Value = "32.5mm"; VariantName = "[No Variations]"
Add component (AddParameter): Name = "Life (Hours)"; Value = "100000Hour"; VariantName = "[No Variations]"
Add component (AddParameter): Name = "Max Operating Temperature"; Value = "85°C"; VariantName = "[No Variations]"
Add component (AddParameter): Name = "Max Voltage Rating (AC)"; Value = "277V"; VariantName = "[No Variations]"
Add component (AddParameter): Name = "Min Operating Temperature"; Value = "-55°C"; VariantName = "[No Variations]"
Add component (AddParameter): Name = "Mount"; Value = "Through Hole"; VariantName = "[No Variations]"
Add component (AddParameter): Name = "Number of Pins"; Value = "4"; VariantName = "[No Variations]"
Add component (AddParameter): Name = "Operate Time"; Value = "15ms"; VariantName = "[No Variations]"
Add component (AddParameter): Name = "Package Quantity"; Value = "50"; VariantName = "[No Variations]"
Add component (AddParameter): Name = "Packaging"; Value = "Tray"; VariantName = "[No Variations]"
Add component (AddParameter): Name = "Power Consumption"; Value = "4W"; VariantName = "[No Variations]"
Add component (AddParameter): Name = "Radiation Hardening"; Value = "No"; VariantName = "[No Variations]"
Add component (AddParameter): Name = "Relay Type"; Value = "General Purpose"; VariantName = "[No Variations]"
Add component (AddParameter): Name = "Release Time"; Value = "15ms"; VariantName = "[No Variations]"
Add component (AddParameter): Name = "RoHS Compliant"; Value = "Yes"; VariantName = "[No Variations]"
Add component (AddParameter): Name = "Series"; Value = "T9A"; VariantName = "[No Variations]"
Add component (AddParameter): Name = "Termination"; Value = "PCB"; VariantName = "[No Variations]"
Add component (AddParameter): Name = "Throw Configuration"; Value = "SPST"; VariantName = "[No Variations]"
Add component (AddParameter): Name = "Voltage Rating (AC)"; Value = "277V"; VariantName = "[No Variations]"
Add component (AddParameter): Name = "Weight"; Value = "0.918oz"; VariantName = "[No Variations]"
Add component (AddParameter): Name = "Width"; Value = "27.4mm"; VariantName = "[No Variations]"
Added Pin To Net: NetName=VCC Pin=K1-1
Added Pin To Net: NetName=NetC1_1 Pin=K1-2
Added Pin To Net: NetName=NetC?_2 Pin=K1-3
Added Pin To Net: NetName=GND Pin=K1-4
Added Member To Class: ClassName=POWER_SUPPLY_60V_60A Member=Component C? UKA1H101MPD1TD
Added Member To Class: ClassName=POWER_SUPPLY_60V_60A Member=Component C? UKA1H101MPD1TD
Added Member To Class: ClassName=POWER_SUPPLY_60V_60A Member=Component C? 0.1uF
Added Member To Class: ClassName=POWER_SUPPLY_60V_60A Member=Component D? BZX55B8V2-TAP
Added Member To Class: ClassName=POWER_SUPPLY_60V_60A Member=Component D? LED
Added Member To Class: ClassName=POWER_SUPPLY_60V_60A Member=Component J?
Added Member To Class: ClassName=POWER_SUPPLY_60V_60A Member=Component J? L-PE-N
Added Member To Class: ClassName=POWER_SUPPLY_60V_60A Member=Component J? 691101710002
Added Member To Class: ClassName=POWER_SUPPLY_60V_60A Member=Component J? MG_136_HT
Added Member To Class: ClassName=POWER_SUPPLY_60V_60A Member=Component J?
Added Member To Class: ClassName=POWER_SUPPLY_60V_60A Member=Component J?
Added Member To Class: ClassName=POWER_SUPPLY_60V_60A Member=Component J? MG_136_HT
Added Member To Class: ClassName=POWER_SUPPLY_60V_60A Member=Component J? TL-800
Added Member To Class: ClassName=POWER_SUPPLY_60V_60A Member=Component J? Jumper 1x2.54
Added Member To Class: ClassName=POWER_SUPPLY_60V_60A Member=Component K1 T9AS1D12-48
Added Member To Class: ClassName=POWER_SUPPLY_60V_60A Member=Component L? 22µH, 2.04A
Added Member To Class: ClassName=POWER_SUPPLY_60V_60A Member=Component R? 10K
Added Member To Class: ClassName=POWER_SUPPLY_60V_60A Member=Component R? 10K
Added Member To Class: ClassName=POWER_SUPPLY_60V_60A Member=Component R? 10K
Added Member To Class: ClassName=POWER_SUPPLY_60V_60A Member=Component R? 1K
Added Member To Class: ClassName=POWER_SUPPLY_60V_60A Member=Component R? 10K
Added Member To Class: ClassName=POWER_SUPPLY_60V_60A Member=Component R? 1K
Added Member To Class: ClassName=POWER_SUPPLY_60V_60A Member=Component R? 1K
Added Member To Class: ClassName=POWER_SUPPLY_60V_60A Member=Component TP? Test_Point_PCB
Added Member To Class: ClassName=POWER_SUPPLY_60V_60A Member=Component TP? Test_Point_PCB
Added Member To Class: ClassName=POWER_SUPPLY_60V_60A Member=Component TP? Test_Point_PCB
Added Member To Class: ClassName=POWER_SUPPLY_60V_60A Member=Component TP? Test_Point_PCB
Added Member To Class: ClassName=POWER_SUPPLY_60V_60A Member=Component TP? Test_Point_PCB
Added Member To Class: ClassName=POWER_SUPPLY_60V_60A Member=Component TP? Test_Point_PCB
Added Member To Class: ClassName=POWER_SUPPLY_60V_60A Member=Component TP? Test_Point_PCB
Added Member To Class: ClassName=POWER_SUPPLY_60V_60A Member=Component TP? Test_Point_PCB
Added Member To Class: ClassName=POWER_SUPPLY_60V_60A Member=Component TP? Test_Point_PCB
Added Member To Class: ClassName=POWER_SUPPLY_60V_60A Member=Component TP? Test_Point_PCB
Added Member To Class: ClassName=POWER_SUPPLY_60V_60A Member=Component TP? Test_Point_PCB
Added Member To Class: ClassName=POWER_SUPPLY_60V_60A Member=Component TP? Test_Point_PCB
Added Member To Class: ClassName=POWER_SUPPLY_60V_60A Member=Component U?
