Added Component: Designator=C41(CAPAE111105X108M)
Add component (AddParameter): Name = "ComponentDescription"; Value = "Конденсатор электролитический SMD, =Value, 2, , CAPAE111105X108M"; VariantName = "[No Variations]"
Add component (AddParameter): Name = "ComponentType"; Value = "Конденсатор электролитический SMD"; VariantName = "[No Variations]"
Add component (AddParameter): Name = "Package"; Value = "CAPAE111105X108M"; VariantName = "[No Variations]"
Add component (AddParameter): Name = "Type"; Value = ""; VariantName = "[No Variations]"
Add component (AddParameter): Name = "Voltage"; Value = "2"; VariantName = "[No Variations]"
Added Component: Designator=C42(CAPAE111105X108M)
Add component (AddParameter): Name = "ComponentDescription"; Value = "Конденсатор электролитический SMD, =Value, 2, , CAPAE111105X108M"; VariantName = "[No Variations]"
Add component (AddParameter): Name = "ComponentType"; Value = "Конденсатор электролитический SMD"; VariantName = "[No Variations]"
Add component (AddParameter): Name = "Package"; Value = "CAPAE111105X108M"; VariantName = "[No Variations]"
Add component (AddParameter): Name = "Type"; Value = ""; VariantName = "[No Variations]"
Add component (AddParameter): Name = "Voltage"; Value = "2"; VariantName = "[No Variations]"
Added Component: Designator=DA1(4-SMD)
Added Component: Designator=R28(RES-0603)
Added Component: Designator=R29(RES-0603)
Added Component: Designator=X2(CONN-PLS-2)
Added Pin To Net: NetName=GND Pin=C41-1
Added Pin To Net: NetName=5V Pin=C41-2
Added Pin To Net: NetName=3.3V Pin=C42-1
Added Pin To Net: NetName=GND Pin=C42-2
Added Pin To Net: NetName=NEUTRAL Pin=DA1-2
Added Pin To Net: NetName=GND Pin=DA1-3
Added Pin To Net: NetName=DC_HV Pin=R28-2
Added Pin To Net: NetName=3.3V Pin=R29-1
Added Pin To Net: NetName=GND Pin=X2-2
Added Pin To Net: NetName=NetDA1_1 Pin=DA1-1
Added Pin To Net: NetName=NetDA1_1 Pin=R28-1
Added Net: Name=NetDA1_1
Added Pin To Net: NetName=PS Pin=DA1-4
Added Pin To Net: NetName=PS Pin=R29-2
Added Pin To Net: NetName=PS Pin=X2-1
Added Net: Name=PS
