Removed Pin From Net: NetName=CS_B Pin=DD2-18
Removed Pin From Net: NetName=CS_C Pin=DD3-18
Removed Pin From Net: NetName=C_IN Pin=R1-2
Removed Pin From Net: NetName=B_IN Pin=R5-2
Removed Pin From Net: NetName=B_IN Pin=R36-2
Removed Pin From Net: NetName=B_OUT Pin=R37-2
Removed Pin From Net: NetName=C_IN Pin=R38-2
Removed Pin From Net: NetName=C_OUT Pin=R39-2
Added Pin To Net: NetName=CS_C Pin=DD2-18
Added Pin To Net: NetName=CS_B Pin=DD3-18
Added Pin To Net: NetName=B_IN Pin=R1-2
Added Pin To Net: NetName=C_IN Pin=R5-2
Added Pin To Net: NetName=C_IN Pin=R36-2
Added Pin To Net: NetName=C_OUT Pin=R37-2
Added Pin To Net: NetName=B_IN Pin=R38-2
Added Pin To Net: NetName=B_OUT Pin=R39-2
Change Net Name : Old Net Name=GNDISO_B New Net Name=GNDISO_C
Change Net Name : Old Net Name=GNDISO_C New Net Name=GNDISO_B
Change Net Name : Old Net Name=V1P_B New Net Name=V1P_C
Change Net Name : Old Net Name=V1P_C New Net Name=V1P_B
Change Net Name : Old Net Name=V2P_B New Net Name=V2P_C
Change Net Name : Old Net Name=V2P_C New Net Name=V2P_B
Change Net Name : Old Net Name=VM_B New Net Name=VM_C
Change Net Name : Old Net Name=VM_C New Net Name=VM_B
