Added Component: Designator=X1(CONN-PLS-5-2.54_1)
Added Component: Designator=X2(CONN-PLS-5-2.54_1)
Added Component: Designator=X3(CONN-PLS-5-2.54_2)
Added Component: Designator=X4(CONN-PLS-5-2.54_2)
Added Component: Designator=X5(CONN-PLS-5-2.54_2)
Added Pin To Net: NetName=CS_B Pin=X1-1
Added Pin To Net: NetName=CS_C Pin=X1-2
Added Pin To Net: NetName=CS_A Pin=X1-3
Added Pin To Net: NetName=CLKOUT Pin=X1-4
Added Pin To Net: NetName=GND Pin=X1-5
Added Pin To Net: NetName=SCLK Pin=X2-1
Added Pin To Net: NetName=MISO Pin=X2-2
Added Pin To Net: NetName=MOSI Pin=X2-3
Added Pin To Net: NetName=3.3V Pin=X2-4
Added Pin To Net: NetName=GND Pin=X2-5
Added Pin To Net: NetName=DC_HV Pin=X3-3
Added Pin To Net: NetName=B_IN Pin=X4-1
Added Pin To Net: NetName=B_OUT Pin=X4-2
Added Pin To Net: NetName=A_IN Pin=X4-4
Added Pin To Net: NetName=A_OUT Pin=X4-5
Added Pin To Net: NetName=C_IN Pin=X5-2
Added Pin To Net: NetName=C_OUT Pin=X5-3
Added Pin To Net: NetName=NEUTRAL Pin=X5-5
