Removed Pin From Net: NetName=NetC?_2 Pin=C?-2
Removed Pin From Net: NetName=NetC?_2 Pin=R?-1
Change Component Designator: OldDesignator=C? NewDesignator=C1
Change Component Designator: OldDesignator=C? NewDesignator=C2
Change Component Designator: OldDesignator=C? NewDesignator=C3
Change Component Designator: OldDesignator=C? NewDesignator=C4
Change Component Designator: OldDesignator=C? NewDesignator=C5
Change Component Designator: OldDesignator=C? NewDesignator=C6
Change Component Designator: OldDesignator=C? NewDesignator=C7
Change Component Designator: OldDesignator=C? NewDesignator=C8
Change Component Designator: OldDesignator=C? NewDesignator=C9
Change Component Designator: OldDesignator=C? NewDesignator=C10
Change Component Designator: OldDesignator=C? NewDesignator=C11
Change Component Designator: OldDesignator=C? NewDesignator=C12
Change Component Designator: OldDesignator=C? NewDesignator=C13
Change Component Designator: OldDesignator=C? NewDesignator=C14
Change Component Designator: OldDesignator=C? NewDesignator=C15
Change Component Designator: OldDesignator=C? NewDesignator=C16
Change Component Designator: OldDesignator=C? NewDesignator=C17
Change Component Designator: OldDesignator=C? NewDesignator=C18
Change Component Designator: OldDesignator=C? NewDesignator=C19
Change Component Designator: OldDesignator=C? NewDesignator=C20
Change Component Designator: OldDesignator=C? NewDesignator=C21
Change Component Designator: OldDesignator=C? NewDesignator=C22
Change Component Designator: OldDesignator=C? NewDesignator=C23
Change Component Designator: OldDesignator=C? NewDesignator=C24
Change Component Designator: OldDesignator=C? NewDesignator=C25
Change Component Designator: OldDesignator=C? NewDesignator=C26
Change Component Designator: OldDesignator=C? NewDesignator=C27
Change Component Designator: OldDesignator=C? NewDesignator=C28
Change Component Designator: OldDesignator=C? NewDesignator=C29
Change Component Designator: OldDesignator=C? NewDesignator=C30
Change Component Designator: OldDesignator=C? NewDesignator=C31
Change Component Designator: OldDesignator=C? NewDesignator=C32
Change Component Designator: OldDesignator=C? NewDesignator=C33
Change Component Designator: OldDesignator=C? NewDesignator=C34
Change Component Designator: OldDesignator=C? NewDesignator=C35
Change Component Designator: OldDesignator=R? NewDesignator=R1
Change Component Designator: OldDesignator=R? NewDesignator=R2
Change Component Designator: OldDesignator=R? NewDesignator=R3
Change Component Designator: OldDesignator=R? NewDesignator=R4
Change Component Designator: OldDesignator=R? NewDesignator=R5
Change Component Designator: OldDesignator=R? NewDesignator=R6
Change Component Designator: OldDesignator=R? NewDesignator=R7
Change Component Designator: OldDesignator=R? NewDesignator=R8
Change Component Designator: OldDesignator=R? NewDesignator=R9
Change Component Designator: OldDesignator=R? NewDesignator=R10
Change Component Designator: OldDesignator=R? NewDesignator=R11
Change Component Designator: OldDesignator=R? NewDesignator=R12
Change Component Designator: OldDesignator=R? NewDesignator=R13
Change Component Designator: OldDesignator=R? NewDesignator=R14
Change Component Designator: OldDesignator=R? NewDesignator=R15
Change Component Designator: OldDesignator=R? NewDesignator=R16
Change Component Designator: OldDesignator=R? NewDesignator=R17
Change Component Designator: OldDesignator=R? NewDesignator=R18
Change Component Designator: OldDesignator=R? NewDesignator=R19
Change Component Designator: OldDesignator=R? NewDesignator=R20
Change Component Designator: OldDesignator=R? NewDesignator=R21
Change Component Designator: OldDesignator=R? NewDesignator=R22
Change Component Designator: OldDesignator=R? NewDesignator=R23
Change Component Designator: OldDesignator=R? NewDesignator=R24
Change Component Designator: OldDesignator=R? NewDesignator=R25
Change Component Designator: OldDesignator=R? NewDesignator=R26
Change Component Designator: OldDesignator=R? NewDesignator=R27
Change Component Designator: OldDesignator=R? NewDesignator=R28
Change Component Designator: OldDesignator=R? NewDesignator=R29
Change Component Designator: OldDesignator=R? NewDesignator=R30
Change Component Designator: OldDesignator=R? NewDesignator=R31
Change Component Designator: OldDesignator=R? NewDesignator=R32
Change Component Designator: OldDesignator=R? NewDesignator=R33
Change Component Designator: OldDesignator=R? NewDesignator=R34
Change Component Designator: OldDesignator=R? NewDesignator=R35
Change Component Designator: OldDesignator=R? NewDesignator=R36
Change Component Designator: OldDesignator=R? NewDesignator=R37
Change Component Designator: OldDesignator=R? NewDesignator=R38
Change Component Designator: OldDesignator=R? NewDesignator=R39
Change Component Designator: OldDesignator=R? NewDesignator=R40
Added Component: Designator=J1(KLS8-M3)
Added Component: Designator=J2(KLS8-M3)
Added Component: Designator=J3(KLS8-M3)
Added Component: Designator=J4(KLS8-M3)
Added Component: Designator=J5(KLS8-M3)
Added Component: Designator=J6(KLS8-M3)
Added Component: Designator=J7(KLS8-M3)
Added Component: Designator=J8(KLS8-M3)
Added Pin To Net: NetName=NetVD?_1 Pin=C34-2
Added Pin To Net: NetName=NetVD?_1 Pin=C35-2
Added Pin To Net: NetName=NEUTRAL Pin=J1-1
Added Pin To Net: NetName=NEUTRAL Pin=J1-1
Added Pin To Net: NetName=NEUTRAL Pin=J1-1
Added Pin To Net: NetName=NEUTRAL Pin=J1-1
Added Pin To Net: NetName=NEUTRAL Pin=J2-1
Added Pin To Net: NetName=NEUTRAL Pin=J2-1
Added Pin To Net: NetName=NEUTRAL Pin=J2-1
Added Pin To Net: NetName=NEUTRAL Pin=J2-1
Added Pin To Net: NetName=A_IN Pin=J3-1
Added Pin To Net: NetName=A_IN Pin=J3-1
Added Pin To Net: NetName=A_IN Pin=J3-1
Added Pin To Net: NetName=A_IN Pin=J3-1
Added Pin To Net: NetName=A_OUT Pin=J4-1
Added Pin To Net: NetName=A_OUT Pin=J4-1
Added Pin To Net: NetName=A_OUT Pin=J4-1
Added Pin To Net: NetName=A_OUT Pin=J4-1
Added Pin To Net: NetName=B_IN Pin=J5-1
Added Pin To Net: NetName=B_IN Pin=J5-1
Added Pin To Net: NetName=B_IN Pin=J5-1
Added Pin To Net: NetName=B_IN Pin=J5-1
Added Pin To Net: NetName=B_OUT Pin=J6-1
Added Pin To Net: NetName=B_OUT Pin=J6-1
Added Pin To Net: NetName=B_OUT Pin=J6-1
Added Pin To Net: NetName=B_OUT Pin=J6-1
Added Pin To Net: NetName=C_IN Pin=J7-1
Added Pin To Net: NetName=C_IN Pin=J7-1
Added Pin To Net: NetName=C_IN Pin=J7-1
Added Pin To Net: NetName=C_IN Pin=J7-1
Added Pin To Net: NetName=C_OUT Pin=J8-1
Added Pin To Net: NetName=C_OUT Pin=J8-1
Added Pin To Net: NetName=C_OUT Pin=J8-1
Added Pin To Net: NetName=C_OUT Pin=J8-1
Change Net Name : Old Net Name=NetC?_2 New Net Name=NetVD21_2
Change Net Name : Old Net Name=NetC?_2 New Net Name=NetVD23_2
Change Net Name : Old Net Name=NetDD?_12 New Net Name=NetVD19_2
Change Net Name : Old Net Name=NetR?_1 New Net Name=NetR1_1
Change Net Name : Old Net Name=NetR?_1 New Net Name=NetR2_1
Change Net Name : Old Net Name=NetR?_1 New Net Name=NetR3_1
Change Net Name : Old Net Name=NetR?_1 New Net Name=NetR4_1
Change Net Name : Old Net Name=NetR?_1 New Net Name=NetR5_1
Change Net Name : Old Net Name=NetR?_1 New Net Name=NetR6_1
Change Net Name : Old Net Name=NetR?_1 New Net Name=NetR7_1
Change Net Name : Old Net Name=NetR?_1 New Net Name=NetR8_1
Change Net Name : Old Net Name=NetR?_1 New Net Name=NetR9_1
Change Net Name : Old Net Name=NetR?_1 New Net Name=NetR10_1
Change Net Name : Old Net Name=NetR?_1 New Net Name=NetR11_1
Change Net Name : Old Net Name=NetR?_1 New Net Name=NetR12_1
Change Net Name : Old Net Name=NetVD?_1 New Net Name=NetC34_2
Change Net Name : Old Net Name=NetVD?_1 New Net Name=NetC35_2
Change Net Name : Old Net Name=NetVD?_1 New Net Name=NetDD1_13
Change Net Name : Old Net Name=NetVD?_1 New Net Name=NetVD1_1
Change Net Name : Old Net Name=NetVD?_1 New Net Name=NetVD3_1
Change Net Name : Old Net Name=NetVD?_1 New Net Name=NetVD5_1
Change Net Name : Old Net Name=NetVD?_1 New Net Name=NetVD7_1
Change Net Name : Old Net Name=NetVD?_1 New Net Name=NetVD9_1
Change Net Name : Old Net Name=NetVD?_1 New Net Name=NetVD11_1
Change Net Name : Old Net Name=NetVD?_1 New Net Name=NetVD13_2
Change Net Name : Old Net Name=NetVD?_1 New Net Name=NetVD15_2
Change Net Name : Old Net Name=NetVD?_1 New Net Name=NetVD17_2
Added Pin To Net: NetName=NetC10_2 Pin=C10-2
Added Pin To Net: NetName=NetC10_2 Pin=R34-1
Added Net: Name=NetC10_2
Added Pin To Net: NetName=NetC11_2 Pin=C11-2
Added Pin To Net: NetName=NetC11_2 Pin=R35-1
Added Net: Name=NetC11_2
Added Pin To Net: NetName=NetC12_2 Pin=C12-2
Added Pin To Net: NetName=NetC12_2 Pin=R36-1
Added Net: Name=NetC12_2
Added Pin To Net: NetName=NetC13_2 Pin=C13-2
Added Pin To Net: NetName=NetC13_2 Pin=R37-1
Added Net: Name=NetC13_2
Added Pin To Net: NetName=NetC14_2 Pin=C14-2
Added Pin To Net: NetName=NetC14_2 Pin=R38-1
Added Net: Name=NetC14_2
Added Pin To Net: NetName=NetC15_2 Pin=C15-2
Added Pin To Net: NetName=NetC15_2 Pin=R39-1
Added Net: Name=NetC15_2
Added Pin To Net: NetName=NetC16_2 Pin=C16-2
Added Pin To Net: NetName=NetC16_2 Pin=C19-2
Added Net: Name=NetC16_2
Added Pin To Net: NetName=NetC17_2 Pin=C17-2
Added Pin To Net: NetName=NetC17_2 Pin=C20-2
Added Net: Name=NetC17_2
Added Pin To Net: NetName=NetC18_2 Pin=C18-2
Added Pin To Net: NetName=NetC18_2 Pin=C21-2
Added Net: Name=NetC18_2
Added Pin To Net: NetName=NetC22_2 Pin=C22-2
Added Pin To Net: NetName=NetC22_2 Pin=C30-2
Added Net: Name=NetC22_2
Added Pin To Net: NetName=NetC23_2 Pin=C23-2
Added Pin To Net: NetName=NetC23_2 Pin=C32-2
Added Net: Name=NetC23_2
Added Pin To Net: NetName=NetC24_2 Pin=C24-2
Added Pin To Net: NetName=NetC24_2 Pin=C28-2
Added Net: Name=NetC24_2
Added Pin To Net: NetName=NetC25_2 Pin=C25-2
Added Pin To Net: NetName=NetC25_2 Pin=C29-2
Added Net: Name=NetC25_2
Added Pin To Net: NetName=NetC26_2 Pin=C26-2
Added Pin To Net: NetName=NetC26_2 Pin=C31-2
Added Net: Name=NetC26_2
Added Pin To Net: NetName=NetC27_2 Pin=C27-2
Added Pin To Net: NetName=NetC27_2 Pin=C33-2
Added Net: Name=NetC27_2
