Added Component: Designator=*PWM1(PWM_controller)
Added Component: Designator=U1(ACS758-100)
Added Pin To Net: NetName=Net*PWM1_1 Pin=*PWM1-1
Added Pin To Net: NetName=Net*PWM1_2 Pin=*PWM1-2
Added Pin To Net: NetName=Net*PWM1_3 Pin=*PWM1-3
Added Pin To Net: NetName=Net*PWM1_1 Pin=*PWM1-4
Added Pin To Net: NetName=Net*PWM1_5 Pin=*PWM1-5
Added Pin To Net: NetName=Net*PWM1_6 Pin=*PWM1-6
Added Pin To Net: NetName=Net*PWM1_7 Pin=*PWM1-7
Added Pin To Net: NetName=GND Pin=*PWM1-8
Added Pin To Net: NetName=Net*PWM1_9 Pin=*PWM1-9
Added Pin To Net: NetName=Net*PWM1_10 Pin=*PWM1-10
Added Pin To Net: NetName=Net*PWM1_11 Pin=*PWM1-11
Added Pin To Net: NetName=Net*PWM1_12 Pin=*PWM1-12
Added Pin To Net: NetName=Net*PWM1_13 Pin=*PWM1-13
Added Pin To Net: NetName=GND Pin=*PWM1-14
Added Pin To Net: NetName=Net*PWM1_15 Pin=*PWM1-15
Added Pin To Net: NetName=Net*PWM1_16 Pin=*PWM1-16
Added Pin To Net: NetName=Net*PWM1_17 Pin=*PWM1-17
Added Pin To Net: NetName=GND Pin=*PWM1-18
Added Pin To Net: NetName=+5V Pin=U1-1
Added Pin To Net: NetName=GND Pin=U1-2
Added Pin To Net: NetName=NetR8_2 Pin=U1-3
Added Pin To Net: NetName=VCC Pin=U1-4
Added Pin To Net: NetName=NetQ1_2 Pin=U1-5
Added Member To Class: ClassName=Power_Inverter_350VDC Member=Component *PWM1 PWM_controller
Added Member To Class: ClassName=Power_Inverter_350VDC Member=Component U1 ACS758
