Removed Pin From Net: NetName=NetR26_1 Pin=R26-1
Removed Member From Class: ClassName=Power_Inverter_350VDC Member=R26
Added Component: Designator=L2(Drossel)
Add component (AddParameter): Name = "ComponentLink1Description"; Value = "Manufacturer URL"; VariantName = "[No Variations]"
Add component (AddParameter): Name = "ComponentLink1URL"; Value = "http://www.we-online.com"; VariantName = "[No Variations]"
Add component (AddParameter): Name = "ComponentLink2Description"; Value = "Datasheet"; VariantName = "[No Variations]"
Add component (AddParameter): Name = "ComponentLink2URL"; Value = "http://katalog.we-online.de/pbs/datasheet/750311457.pdf"; VariantName = "[No Variations]"
Add component (AddParameter): Name = "Manufacturer"; Value = "Wuerth Elektronik"; VariantName = "[No Variations]"
Add component (AddParameter): Name = "PackageReference"; Value = "EP13"; VariantName = "[No Variations]"
Add component (AddParameter): Name = "PartNumber"; Value = "750311457"; VariantName = "[No Variations]"
Add component (AddParameter): Name = "Ui"; Value = "36V"; VariantName = "[No Variations]"
Added Pin To Net: NetName=NetC15_2 Pin=L2-1
Added Pin To Net: NetName=NetC15_2 Pin=L2-1
Added Pin To Net: NetName=NetC15_2 Pin=L2-2
Added Pin To Net: NetName=NetC15_2 Pin=L2-2
Added Pin To Net: NetName=NetC15_2 Pin=L2-3
Added Pin To Net: NetName=NetC15_2 Pin=L2-3
Added Pin To Net: NetName=NetC15_2 Pin=L2-4
Added Pin To Net: NetName=NetC15_2 Pin=L2-4
Added Pin To Net: NetName=NetL2_5 Pin=L2-5
Added Pin To Net: NetName=NetL2_5 Pin=L2-5
Added Pin To Net: NetName=NetL2_5 Pin=L2-6
Added Pin To Net: NetName=NetL2_5 Pin=L2-6
Added Pin To Net: NetName=NetL2_5 Pin=L2-7
Added Pin To Net: NetName=NetL2_5 Pin=L2-7
Added Pin To Net: NetName=NetL2_5 Pin=L2-8
Added Pin To Net: NetName=NetL2_5 Pin=L2-8
Change Net Name : Old Net Name=NetR26_1 New Net Name=NetT1_2
Added Member To Class: ClassName=Power_Inverter_350VDC Member=Component L2 750311457
Added Room: Name=Power_Inverter_350VDC
