Removed Pin From Net: NetName=NetC2_2 Pin=C2-2
Removed Pin From Net: NetName=Net*PWM1_1 Pin=C4-1
Removed Pin From Net: NetName=Net*PWM1_1 Pin=L1-2
Removed Pin From Net: NetName=NetC2_2 Pin=R5-2
Removed Pin From Net: NetName=Net*PWM1_1 Pin=RG1-1
Removed Pin From Net: NetName=NetC2_2 Pin=RG1-3
Removed Pin From Net: NetName=Net*PWM1_1 Pin=RP1-1
Change Component Comment : Designator=R12 Old Comment=2.2K New Comment=100K
Change Component Comment : Designator=R8 Old Comment=10K New Comment=1K
Change Component Description : Designator=R12 Old Description=2.2K New Description=100K
Change Component Description : Designator=R8 Old Description=10K New Description=1K
Change Net Name : Old Net Name=NetC2_2 New Net Name=NetC22_2
Added Pin To Net: NetName=NetC2_2 Pin=C2-2
Added Pin To Net: NetName=NetC2_2 Pin=R5-2
Added Pin To Net: NetName=NetC2_2 Pin=RG1-3
Added Net: Name=NetC2_2
Added Pin To Net: NetName=NetC4_1 Pin=C4-1
Added Pin To Net: NetName=NetC4_1 Pin=L1-2
Added Pin To Net: NetName=NetC4_1 Pin=RG1-1
Added Pin To Net: NetName=NetC4_1 Pin=RP1-1
Added Net: Name=NetC4_1
Added Member To Class: ClassName=Power_Inverter_350VDC Member=Component J? MG_136_HT
