Change Component Designator: OldDesignator=J? NewDesignator=J8
Change Component Designator: OldDesignator=J? NewDesignator=J9
Change Component Designator: OldDesignator=TR? NewDesignator=TR1
Added Component: Designator=TP1(Test_Point)
Added Component: Designator=TP2(Test_Point)
Added Component: Designator=TP3(Test_Point)
Added Component: Designator=TP4(Test_Point)
Added Component: Designator=TP5(Test_Point)
Added Component: Designator=TP6(Test_Point)
Added Component: Designator=TP7(Test_Point)
Added Component: Designator=TP8(Test_Point)
Added Component: Designator=TP9(Test_Point)
Added Component: Designator=TP10(Test_Point)
Added Component: Designator=TP11(Test_Point)
Added Component: Designator=TP12(Test_Point)
Added Component: Designator=TP13(Test_Point)
Added Component: Designator=TP14(Test_Point)
Added Component: Designator=TP15(Test_Point)
Added Component: Designator=TP16(Test_Point)
Added Component: Designator=TP17(Test_Point)
Added Component: Designator=TP18(Test_Point)
Added Component: Designator=TP19(Test_Point)
Added Component: Designator=TP20(Test_Point)
Added Component: Designator=TP21(Test_Point)
Added Component: Designator=TP22(Test_Point)
Added Component: Designator=TP23(Test_Point)
Added Component: Designator=TP24(Test_Point)
Added Component: Designator=TP25(Test_Point)
Added Component: Designator=TP26(Test_Point)
Added Component: Designator=TP27(Test_Point)
Added Component: Designator=TP28(Test_Point)
Added Component: Designator=TP29(Test_Point)
Added Component: Designator=TP30(Test_Point)
Added Component: Designator=TP31(Test_Point)
Added Component: Designator=TP32(Test_Point)
Added Component: Designator=TP33(Test_Point)
Added Component: Designator=TP34(Test_Point)
Added Component: Designator=TP35(Test_Point)
Added Component: Designator=TP36(Test_Point)
Added Component: Designator=TP37(Test_Point)
Added Component: Designator=TP38(Test_Point)
Added Component: Designator=TP39(Test_Point)
Added Component: Designator=TP40(Test_Point)
Added Component: Designator=TP41(Test_Point)
Added Pin To Net: NetName=NetC4_1 Pin=TP1-1
Added Pin To Net: NetName=NetCR1_1 Pin=TP2-1
Added Pin To Net: NetName=NetD1_2 Pin=TP3-1
Added Pin To Net: NetName=NetC2_2 Pin=TP4-1
Added Pin To Net: NetName=NetC1_2 Pin=TP5-1
Added Pin To Net: NetName=NetC5_2 Pin=TP6-1
Added Pin To Net: NetName=NetRP1_2 Pin=TP7-1
Added Pin To Net: NetName=NetDA1_1 Pin=TP8-1
Added Pin To Net: NetName=NetR8_2 Pin=TP9-1
Added Pin To Net: NetName=NetR3_1 Pin=TP10-1
Added Pin To Net: NetName=NetD3_2 Pin=TP11-1
Added Pin To Net: NetName=NetR2_1 Pin=TP12-1
Added Pin To Net: NetName=NetC7_1 Pin=TP13-1
Added Pin To Net: NetName=GND_II Pin=TP14-1
Added Pin To Net: NetName=NetR11_1 Pin=TP15-1
Added Pin To Net: NetName=GND_II Pin=TP16-1
Added Pin To Net: NetName=VCC Pin=TP17-1
Added Pin To Net: NetName=NetC9_2 Pin=TP18-1
Added Pin To Net: NetName=Net*PWM1_15 Pin=TP19-1
Added Pin To Net: NetName=Net*PWM1_17 Pin=TP20-1
Added Pin To Net: NetName=Net*PWM1_2 Pin=TP21-1
Added Pin To Net: NetName=NetD8_2 Pin=TP22-1
Added Pin To Net: NetName=Net*PWM1_16 Pin=TP23-1
Added Pin To Net: NetName=NetC12_1 Pin=TP24-1
Added Pin To Net: NetName=NetTP25_1 Pin=TP25-1
Added Pin To Net: NetName=NetC10_1 Pin=TP26-1
Added Pin To Net: NetName=NetD10_2 Pin=TP27-1
Added Pin To Net: NetName=Net*PWM1_3 Pin=TP28-1
Added Pin To Net: NetName=NetL2_5 Pin=TP29-1
Added Pin To Net: NetName=Net*PWM1_11 Pin=TP30-1
Added Pin To Net: NetName=NetTP31_1 Pin=TP31-1
Added Pin To Net: NetName=NetR26_1 Pin=TP32-1
Added Pin To Net: NetName=Net*PWM1_13 Pin=TP33-1
Added Pin To Net: NetName=Net*PWM1_12 Pin=TP34-1
Added Pin To Net: NetName=Net*PWM1_1 Pin=TP35-1
Added Pin To Net: NetName=NetCR2_1 Pin=TP36-1
Added Pin To Net: NetName=+5V Pin=TP37-1
Added Pin To Net: NetName=NetC20_2 Pin=TP38-1
Added Pin To Net: NetName=NetD13_2 Pin=TP39-1
Added Pin To Net: NetName=NetRP2_2 Pin=TP40-1
Added Pin To Net: NetName=NetD15_2 Pin=TP41-1
Added Member To Class: ClassName=Power_Inverter_350VDC Member=Component J8 MG_136_HT
Added Member To Class: ClassName=Power_Inverter_350VDC Member=Component TP1 Test_Point_PCB
Added Member To Class: ClassName=Power_Inverter_350VDC Member=Component TP2 Test_Point_PCB
Added Member To Class: ClassName=Power_Inverter_350VDC Member=Component TP3 Test_Point_PCB
Added Member To Class: ClassName=Power_Inverter_350VDC Member=Component TP4 Test_Point_PCB
Added Member To Class: ClassName=Power_Inverter_350VDC Member=Component TP5 Test_Point_PCB
Added Member To Class: ClassName=Power_Inverter_350VDC Member=Component TP6 Test_Point_PCB
Added Member To Class: ClassName=Power_Inverter_350VDC Member=Component TP7 Test_Point_PCB
Added Member To Class: ClassName=Power_Inverter_350VDC Member=Component TP8 Test_Point_PCB
Added Member To Class: ClassName=Power_Inverter_350VDC Member=Component TP9 Test_Point_PCB
Added Member To Class: ClassName=Power_Inverter_350VDC Member=Component TP10 Test_Point_PCB
Added Member To Class: ClassName=Power_Inverter_350VDC Member=Component TP11 Test_Point_PCB
Added Member To Class: ClassName=Power_Inverter_350VDC Member=Component TP12 Test_Point_PCB
Added Member To Class: ClassName=Power_Inverter_350VDC Member=Component TP13 Test_Point_PCB
Added Member To Class: ClassName=Power_Inverter_350VDC Member=Component TP14 Test_Point_PCB
Added Member To Class: ClassName=Power_Inverter_350VDC Member=Component TP15 Test_Point_PCB
Added Member To Class: ClassName=Power_Inverter_350VDC Member=Component TP16 Test_Point_PCB
Added Member To Class: ClassName=Power_Inverter_350VDC Member=Component TP17
Added Member To Class: ClassName=Power_Inverter_350VDC Member=Component TP18 Test_Point_PCB
Added Member To Class: ClassName=Power_Inverter_350VDC Member=Component TP19 Test_Point_PCB
Added Member To Class: ClassName=Power_Inverter_350VDC Member=Component TP20 Test_Point_PCB
Added Member To Class: ClassName=Power_Inverter_350VDC Member=Component TP21 Test_Point_PCB
Added Member To Class: ClassName=Power_Inverter_350VDC Member=Component TP22 Test_Point_PCB
Added Member To Class: ClassName=Power_Inverter_350VDC Member=Component TP23 Test_Point_PCB
Added Member To Class: ClassName=Power_Inverter_350VDC Member=Component TP24 Test_Point_PCB
Added Member To Class: ClassName=Power_Inverter_350VDC Member=Component TP25 Test_Point_PCB
Added Member To Class: ClassName=Power_Inverter_350VDC Member=Component TP26 Test_Point_PCB
Added Member To Class: ClassName=Power_Inverter_350VDC Member=Component TP27 Test_Point_PCB
Added Member To Class: ClassName=Power_Inverter_350VDC Member=Component TP28 Test_Point_PCB
Added Member To Class: ClassName=Power_Inverter_350VDC Member=Component TP29 Test_Point_PCB
Added Member To Class: ClassName=Power_Inverter_350VDC Member=Component TP30 Test_Point_PCB
Added Member To Class: ClassName=Power_Inverter_350VDC Member=Component TP31 Test_Point_PCB
Added Member To Class: ClassName=Power_Inverter_350VDC Member=Component TP32 Test_Point_PCB
Added Member To Class: ClassName=Power_Inverter_350VDC Member=Component TP33 Test_Point_PCB
Added Member To Class: ClassName=Power_Inverter_350VDC Member=Component TP34 Test_Point_PCB
Added Member To Class: ClassName=Power_Inverter_350VDC Member=Component TP35 Test_Point_PCB
Added Member To Class: ClassName=Power_Inverter_350VDC Member=Component TP36 Test_Point_PCB
Added Member To Class: ClassName=Power_Inverter_350VDC Member=Component TP37 Test_Point_PCB
Added Member To Class: ClassName=Power_Inverter_350VDC Member=Component TP38 Test_Point_PCB
Added Member To Class: ClassName=Power_Inverter_350VDC Member=Component TP39 Test_Point_PCB
Added Member To Class: ClassName=Power_Inverter_350VDC Member=Component TP40 Test_Point_PCB
Added Member To Class: ClassName=Power_Inverter_350VDC Member=Component TP41 Test_Point_PCB
