Removed Pin From Net: NetName=VCC Pin=X1-6
Added Component: Designator=C5(CAP-TAN-C)
Added Component: Designator=DD3(SO8-150)
Added Component: Designator=R9(RES-0603)
Added Component: Designator=R10(RES-0603)
Added Pin To Net: NetName=GND Pin=C5-2
Added Pin To Net: NetName=SCL Pin=DD1-1
Added Pin To Net: NetName=SDA Pin=DD1-2
Added Pin To Net: NetName=BUTTON Pin=DD1-3
Added Pin To Net: NetName=VCC Pin=DD1-7
Added Pin To Net: NetName=LED_4 Pin=DD1-12
Added Pin To Net: NetName=LED_3 Pin=DD1-13
Added Pin To Net: NetName=LED_2 Pin=DD1-16
Added Pin To Net: NetName=LED_1 Pin=DD1-17
Added Pin To Net: NetName=3.3V Pin=DD3-1
Added Pin To Net: NetName=3.3V Pin=DD3-2
Added Pin To Net: NetName=GND Pin=DD3-3
Added Pin To Net: NetName=GND Pin=DD3-4
Added Pin To Net: NetName=3.3V Pin=R10-1
Change Net Name : Old Net Name=VCC New Net Name=V_SENS
Added Pin To Net: NetName=12V Pin=C5-1
Added Pin To Net: NetName=12V Pin=DD3-8
Added Pin To Net: NetName=12V Pin=X1-6
Added Net: Name=12V
Added Pin To Net: NetName=I_SENS Pin=DD1-8
Added Net: Name=I_SENS
Added Pin To Net: NetName=NetDD3_5 Pin=DD3-5
Added Pin To Net: NetName=NetDD3_5 Pin=R9-2
Added Net: Name=NetDD3_5
Added Pin To Net: NetName=NetDD3_6 Pin=DD3-6
Added Pin To Net: NetName=NetDD3_6 Pin=DD3-7
Added Net: Name=NetDD3_6
Added Pin To Net: NetName=PWM_I Pin=DD1-15
Added Net: Name=PWM_I
Added Pin To Net: NetName=PWM_V Pin=DD1-14
Added Net: Name=PWM_V
Added Pin To Net: NetName=RESET Pin=DD1-6
Added Pin To Net: NetName=RESET Pin=R9-1
Added Pin To Net: NetName=RESET Pin=R10-2
Added Net: Name=RESET
Added Pin To Net: NetName=RX Pin=DD1-10
Added Net: Name=RX
Added Pin To Net: NetName=T_SENS Pin=DD1-11
Added Net: Name=T_SENS
Added Pin To Net: NetName=TX Pin=DD1-9
Added Net: Name=TX
