Added Component: Designator=C1(CAP-1206)
Added Component: Designator=C2(CAP-1206)
Added Component: Designator=C3(CAP-1206)
Added Component: Designator=C4(CAP-1206)
Added Component: Designator=C5(CAP-1206)
Added Component: Designator=C6(CAP-1206)
Added Component: Designator=C7(CAP-1206)
Added Component: Designator=C8(CAP-1206)
Added Component: Designator=C9(CAP-1206)
Added Component: Designator=C10(CAP-1206)
Added Component: Designator=C11(CAP-1206)
Added Component: Designator=C12(CAP-1206)
Added Component: Designator=C13(CAP-1206)
Added Component: Designator=C14(CAP-1206)
Added Component: Designator=C15(CAP-1206)
Added Component: Designator=C16(CAP-1206)
Added Component: Designator=C17(CAP-1206)
Added Component: Designator=C18(CAP-1206)
Added Component: Designator=C19(CAP-0603)
Added Component: Designator=C20(CAP-0603)
Added Component: Designator=C21(CAP-0603)
Added Component: Designator=C22(CAP-1206)
Added Component: Designator=C23(CAP-1206)
Added Component: Designator=C24(CAP-1206)
Added Component: Designator=C25(CAP-1206)
Added Component: Designator=C26(CAP-1206)
Added Component: Designator=C27(CAP-1206)
Added Component: Designator=C28(CAP-0603)
Added Component: Designator=C29(CAP-0603)
Added Component: Designator=C30(CAP-0603)
Added Component: Designator=C31(CAP-0603)
Added Component: Designator=C32(CAP-0603)
Added Component: Designator=C33(CAP-0603)
Added Component: Designator=C34(CAP-0603)
Added Component: Designator=C35(CAP-0603)
Added Component: Designator=Q1(OSC-QSMD12.3x4.5x4.2)
Added Component: Designator=R1(RES-1206)
Added Component: Designator=R2(RES-1206)
Added Component: Designator=R3(RES-1206)
Added Component: Designator=R4(RES-1206)
Added Component: Designator=R5(RES-1206)
Added Component: Designator=R6(RES-1206)
Added Component: Designator=R7(RES-1206)
Added Component: Designator=R8(RES-1206)
Added Component: Designator=R9(RES-1206)
Added Component: Designator=R10(RES-1206)
Added Component: Designator=R11(RES-1206)
Added Component: Designator=R12(RES-1206)
Added Component: Designator=R13(RES-1206)
Added Component: Designator=R14(RES-1206)
Added Component: Designator=R15(RES-1206)
Added Component: Designator=R16(RES-1206)
Added Component: Designator=R17(RES-1206)
Added Component: Designator=R18(RES-1206)
Added Component: Designator=R19(RES-1206)
Added Component: Designator=R20(RES-1206)
Added Component: Designator=R21(RES-1206)
Added Component: Designator=R22(RES-1206)
Added Component: Designator=R23(RES-1206)
Added Component: Designator=R24(RES-1206)
Added Component: Designator=R25(RES-1206)
Added Component: Designator=R26(RES-1206)
Added Component: Designator=R27(RES-1206)
Added Component: Designator=R34(RES-1206)
Added Component: Designator=R35(RES-1206)
Added Component: Designator=R36(RES-1206)
Added Component: Designator=R37(RES-1206)
Added Component: Designator=R38(RES-1206)
Added Component: Designator=R39(RES-1206)
Added Component: Designator=R40(RES-0603)
Added Component: Designator=VD1(DIODE-0805)
Added Component: Designator=VD2(DIODE-0805)
Added Component: Designator=VD3(DIODE-0805)
Added Component: Designator=VD4(DIODE-0805)
Added Component: Designator=VD5(DIODE-0805)
Added Component: Designator=VD6(DIODE-0805)
Added Component: Designator=VD7(DIODE-0805)
Added Component: Designator=VD8(DIODE-0805)
Added Component: Designator=VD9(DIODE-0805)
Added Component: Designator=VD10(DIODE-0805)
Added Component: Designator=VD11(DIODE-0805)
Added Component: Designator=VD12(DIODE-0805)
Added Component: Designator=VD13(DIODE-0805)
Added Component: Designator=VD14(DIODE-0805)
Added Component: Designator=VD15(DIODE-0805)
Added Component: Designator=VD16(DIODE-0805)
Added Component: Designator=VD17(DIODE-0805)
Added Component: Designator=VD18(DIODE-0805)
Added Component: Designator=VD19(DIODE-0805)
Added Component: Designator=VD20(DIODE-0805)
Added Component: Designator=VD21(DIODE-0805)
Added Component: Designator=VD22(DIODE-0805)
Added Component: Designator=VD23(DIODE-0805)
Added Component: Designator=VD24(DIODE-0805)
Added Component: Designator=VD25(DIODE-0805)
Added Component: Designator=VD26(DIODE-0805)
Added Component: Designator=VD27(DIODE-0805)
Added Component: Designator=VD28(DIODE-0805)
Added Component: Designator=VD29(DIODE-0805)
Added Component: Designator=VD30(DIODE-0805)
Added Component: Designator=VD31(DO-214BA)
Added Component: Designator=VD32(DO-214BA)
Added Component: Designator=VD33(DO-214BA)
Added Component: Designator=X1(CONN-PLS-5-2.54mm)
Added Component: Designator=X2(CONN-PLS-5-2.54mm)
Added Component: Designator=X3(CONN-PLS-5-2.54mm)
Added Component: Designator=X4(CONN-PLS-5-2.54mm)
Added Component: Designator=X4(CONN-PLS-5-2.54mm)
Added Component: Designator=X5(CONN-PLS-5-2.54mm)
Added Component: Designator=X5(CONN-PLS-5-2.54mm)
Added Pin To Net: NetName=GNDISO_C Pin=C1-1
Added Pin To Net: NetName=V2P_C Pin=C1-2
Added Pin To Net: NetName=GNDISO_C Pin=C2-1
Added Pin To Net: NetName=V1P_C Pin=C2-2
Added Pin To Net: NetName=GNDISO_A Pin=C3-1
Added Pin To Net: NetName=V2P_A Pin=C3-2
Added Pin To Net: NetName=GNDISO_A Pin=C4-1
Added Pin To Net: NetName=V1P_A Pin=C4-2
Added Pin To Net: NetName=GNDISO_B Pin=C5-1
Added Pin To Net: NetName=V2P_B Pin=C5-2
Added Pin To Net: NetName=GNDISO_B Pin=C6-1
Added Pin To Net: NetName=V1P_B Pin=C6-2
Added Pin To Net: NetName=GNDISO_A Pin=C7-1
Added Pin To Net: NetName=VM_A Pin=C7-2
Added Pin To Net: NetName=GNDISO_B Pin=C8-1
Added Pin To Net: NetName=VM_B Pin=C8-2
Added Pin To Net: NetName=GNDISO_C Pin=C9-1
Added Pin To Net: NetName=VM_C Pin=C9-2
Added Pin To Net: NetName=GNDISO_A Pin=C10-1
Added Pin To Net: NetName=NetC10_2 Pin=C10-2
Added Pin To Net: NetName=GNDISO_A Pin=C11-1
Added Pin To Net: NetName=NetC11_2 Pin=C11-2
Added Pin To Net: NetName=GNDISO_B Pin=C12-1
Added Pin To Net: NetName=NetC12_2 Pin=C12-2
Added Pin To Net: NetName=GNDISO_B Pin=C13-1
Added Pin To Net: NetName=NetC13_2 Pin=C13-2
Added Pin To Net: NetName=GNDISO_C Pin=C14-1
Added Pin To Net: NetName=NetC14_2 Pin=C14-2
Added Pin To Net: NetName=GNDISO_C Pin=C15-1
Added Pin To Net: NetName=NetC15_2 Pin=C15-2
Added Pin To Net: NetName=GNDISO_A Pin=C16-1
Added Pin To Net: NetName=NetC16_2 Pin=C16-2
Added Pin To Net: NetName=GNDISO_B Pin=C17-1
Added Pin To Net: NetName=NetC17_2 Pin=C17-2
Added Pin To Net: NetName=GNDISO_C Pin=C18-1
Added Pin To Net: NetName=NetC18_2 Pin=C18-2
Added Pin To Net: NetName=GNDISO_A Pin=C19-1
Added Pin To Net: NetName=NetC16_2 Pin=C19-2
Added Pin To Net: NetName=GNDISO_B Pin=C20-1
Added Pin To Net: NetName=NetC17_2 Pin=C20-2
Added Pin To Net: NetName=GNDISO_C Pin=C21-1
Added Pin To Net: NetName=NetC18_2 Pin=C21-2
Added Pin To Net: NetName=GNDISO_B Pin=C22-1
Added Pin To Net: NetName=NetC22_2 Pin=C22-2
Added Pin To Net: NetName=GNDISO_C Pin=C23-1
Added Pin To Net: NetName=NetC23_2 Pin=C23-2
Added Pin To Net: NetName=GNDISO_A Pin=C24-1
Added Pin To Net: NetName=NetC24_2 Pin=C24-2
Added Pin To Net: NetName=GNDISO_A Pin=C25-1
Added Pin To Net: NetName=NetC25_2 Pin=C25-2
Added Pin To Net: NetName=GNDISO_B Pin=C26-1
Added Pin To Net: NetName=NetC26_2 Pin=C26-2
Added Pin To Net: NetName=GNDISO_C Pin=C27-1
Added Pin To Net: NetName=NetC27_2 Pin=C27-2
Added Pin To Net: NetName=GNDISO_A Pin=C28-1
Added Pin To Net: NetName=NetC24_2 Pin=C28-2
Added Pin To Net: NetName=GNDISO_A Pin=C29-1
Added Pin To Net: NetName=NetC25_2 Pin=C29-2
Added Pin To Net: NetName=GNDISO_B Pin=C30-1
Added Pin To Net: NetName=NetC22_2 Pin=C30-2
Added Pin To Net: NetName=GNDISO_B Pin=C31-1
Added Pin To Net: NetName=NetC26_2 Pin=C31-2
Added Pin To Net: NetName=GNDISO_C Pin=C32-1
Added Pin To Net: NetName=NetC23_2 Pin=C32-2
Added Pin To Net: NetName=GNDISO_C Pin=C33-1
Added Pin To Net: NetName=NetC27_2 Pin=C33-2
Added Pin To Net: NetName=GND Pin=C34-1
Added Pin To Net: NetName=NetC34_2 Pin=C34-2
Added Pin To Net: NetName=GND Pin=C35-1
Added Pin To Net: NetName=NetC35_2 Pin=C35-2
Added Pin To Net: NetName=NetC34_2 Pin=Q1-1
Added Pin To Net: NetName=NetC35_2 Pin=Q1-2
Added Pin To Net: NetName=NetR1_1 Pin=R1-1
Added Pin To Net: NetName=C_IN Pin=R1-2
Added Pin To Net: NetName=NetR2_1 Pin=R2-1
Added Pin To Net: NetName=NEUTRAL Pin=R2-2
Added Pin To Net: NetName=NetR3_1 Pin=R3-1
Added Pin To Net: NetName=A_IN Pin=R3-2
Added Pin To Net: NetName=NetR4_1 Pin=R4-1
Added Pin To Net: NetName=NEUTRAL Pin=R4-2
Added Pin To Net: NetName=NetR5_1 Pin=R5-1
Added Pin To Net: NetName=B_IN Pin=R5-2
Added Pin To Net: NetName=NetR6_1 Pin=R6-1
Added Pin To Net: NetName=NEUTRAL Pin=R6-2
Added Pin To Net: NetName=NetR7_1 Pin=R7-1
Added Pin To Net: NetName=NetR1_1 Pin=R7-2
Added Pin To Net: NetName=NetR8_1 Pin=R8-1
Added Pin To Net: NetName=NetR2_1 Pin=R8-2
Added Pin To Net: NetName=NetR9_1 Pin=R9-1
Added Pin To Net: NetName=NetR3_1 Pin=R9-2
Added Pin To Net: NetName=NetR10_1 Pin=R10-1
Added Pin To Net: NetName=NetR4_1 Pin=R10-2
Added Pin To Net: NetName=NetR11_1 Pin=R11-1
Added Pin To Net: NetName=NetR5_1 Pin=R11-2
Added Pin To Net: NetName=NetR12_1 Pin=R12-1
Added Pin To Net: NetName=NetR6_1 Pin=R12-2
Added Pin To Net: NetName=V2P_C Pin=R13-1
Added Pin To Net: NetName=NetR7_1 Pin=R13-2
Added Pin To Net: NetName=V1P_C Pin=R14-1
Added Pin To Net: NetName=NetR8_1 Pin=R14-2
Added Pin To Net: NetName=V2P_A Pin=R15-1
Added Pin To Net: NetName=NetR9_1 Pin=R15-2
Added Pin To Net: NetName=V1P_A Pin=R16-1
Added Pin To Net: NetName=NetR10_1 Pin=R16-2
Added Pin To Net: NetName=V2P_B Pin=R17-1
Added Pin To Net: NetName=NetR11_1 Pin=R17-2
Added Pin To Net: NetName=V1P_B Pin=R18-1
Added Pin To Net: NetName=NetR12_1 Pin=R18-2
Added Pin To Net: NetName=V2P_C Pin=R19-1
Added Pin To Net: NetName=GNDISO_C Pin=R19-2
Added Pin To Net: NetName=V1P_C Pin=R20-1
Added Pin To Net: NetName=GNDISO_C Pin=R20-2
Added Pin To Net: NetName=V2P_A Pin=R21-1
Added Pin To Net: NetName=GNDISO_A Pin=R21-2
Added Pin To Net: NetName=V1P_A Pin=R22-1
Added Pin To Net: NetName=GNDISO_A Pin=R22-2
Added Pin To Net: NetName=V2P_B Pin=R23-1
Added Pin To Net: NetName=GNDISO_B Pin=R23-2
Added Pin To Net: NetName=V1P_B Pin=R24-1
Added Pin To Net: NetName=GNDISO_B Pin=R24-2
Added Pin To Net: NetName=VM_A Pin=R25-1
Added Pin To Net: NetName=GNDISO_A Pin=R25-2
Added Pin To Net: NetName=VM_B Pin=R26-1
Added Pin To Net: NetName=GNDISO_B Pin=R26-2
Added Pin To Net: NetName=VM_C Pin=R27-1
Added Pin To Net: NetName=GNDISO_C Pin=R27-2
Added Pin To Net: NetName=NetC10_2 Pin=R34-1
Added Pin To Net: NetName=A_IN Pin=R34-2
Added Pin To Net: NetName=NetC11_2 Pin=R35-1
Added Pin To Net: NetName=A_OUT Pin=R35-2
Added Pin To Net: NetName=NetC12_2 Pin=R36-1
Added Pin To Net: NetName=B_IN Pin=R36-2
Added Pin To Net: NetName=NetC13_2 Pin=R37-1
Added Pin To Net: NetName=B_OUT Pin=R37-2
Added Pin To Net: NetName=NetC14_2 Pin=R38-1
Added Pin To Net: NetName=C_IN Pin=R38-2
Added Pin To Net: NetName=NetC15_2 Pin=R39-1
Added Pin To Net: NetName=C_OUT Pin=R39-2
Added Pin To Net: NetName=MOSI Pin=R40-1
Added Pin To Net: NetName=+3.3V Pin=R40-2
Added Pin To Net: NetName=NetVD1_1 Pin=VD1-1
Added Pin To Net: NetName=V2P_A Pin=VD1-2
Added Pin To Net: NetName=VM_A Pin=VD2-1
Added Pin To Net: NetName=NetVD1_1 Pin=VD2-2
Added Pin To Net: NetName=NetVD3_1 Pin=VD3-1
Added Pin To Net: NetName=VM_A Pin=VD3-2
Added Pin To Net: NetName=V1P_A Pin=VD4-1
Added Pin To Net: NetName=NetVD3_1 Pin=VD4-2
Added Pin To Net: NetName=NetVD5_1 Pin=VD5-1
Added Pin To Net: NetName=V2P_B Pin=VD5-2
Added Pin To Net: NetName=VM_B Pin=VD6-1
Added Pin To Net: NetName=NetVD5_1 Pin=VD6-2
Added Pin To Net: NetName=NetVD7_1 Pin=VD7-1
Added Pin To Net: NetName=VM_B Pin=VD7-2
Added Pin To Net: NetName=V1P_B Pin=VD8-1
Added Pin To Net: NetName=NetVD7_1 Pin=VD8-2
Added Pin To Net: NetName=NetVD9_1 Pin=VD9-1
Added Pin To Net: NetName=V2P_C Pin=VD9-2
Added Pin To Net: NetName=VM_C Pin=VD10-1
Added Pin To Net: NetName=NetVD9_1 Pin=VD10-2
Added Pin To Net: NetName=NetVD11_1 Pin=VD11-1
Added Pin To Net: NetName=VM_C Pin=VD11-2
Added Pin To Net: NetName=V1P_C Pin=VD12-1
Added Pin To Net: NetName=NetVD11_1 Pin=VD12-2
Added Pin To Net: NetName=V2P_A Pin=VD13-1
Added Pin To Net: NetName=NetVD13_2 Pin=VD13-2
Added Pin To Net: NetName=NetVD13_2 Pin=VD14-1
Added Pin To Net: NetName=VM_A Pin=VD14-2
Added Pin To Net: NetName=VM_A Pin=VD15-1
Added Pin To Net: NetName=NetVD15_2 Pin=VD15-2
Added Pin To Net: NetName=NetVD15_2 Pin=VD16-1
Added Pin To Net: NetName=V1P_A Pin=VD16-2
Added Pin To Net: NetName=V2P_B Pin=VD17-1
Added Pin To Net: NetName=NetVD17_2 Pin=VD17-2
Added Pin To Net: NetName=NetVD17_2 Pin=VD18-1
Added Pin To Net: NetName=VM_B Pin=VD18-2
Added Pin To Net: NetName=VM_B Pin=VD19-1
Added Pin To Net: NetName=NetVD19_2 Pin=VD19-2
Added Pin To Net: NetName=NetVD19_2 Pin=VD20-1
Added Pin To Net: NetName=V1P_B Pin=VD20-2
Added Pin To Net: NetName=V2P_C Pin=VD21-1
Added Pin To Net: NetName=NetVD21_2 Pin=VD21-2
Added Pin To Net: NetName=NetVD21_2 Pin=VD22-1
Added Pin To Net: NetName=VM_C Pin=VD22-2
Added Pin To Net: NetName=VM_C Pin=VD23-1
Added Pin To Net: NetName=NetVD23_2 Pin=VD23-2
Added Pin To Net: NetName=NetVD23_2 Pin=VD24-1
Added Pin To Net: NetName=V1P_C Pin=VD24-2
Added Pin To Net: NetName=NetC12_2 Pin=VD25-1
Added Pin To Net: NetName=NetC13_2 Pin=VD25-2
Added Pin To Net: NetName=NetC14_2 Pin=VD26-1
Added Pin To Net: NetName=NetC15_2 Pin=VD26-2
Added Pin To Net: NetName=NetC10_2 Pin=VD27-1
Added Pin To Net: NetName=NetC11_2 Pin=VD27-2
Added Pin To Net: NetName=NetC13_2 Pin=VD28-1
Added Pin To Net: NetName=NetC12_2 Pin=VD28-2
Added Pin To Net: NetName=NetC15_2 Pin=VD29-1
Added Pin To Net: NetName=NetC14_2 Pin=VD29-2
Added Pin To Net: NetName=NetC11_2 Pin=VD30-1
Added Pin To Net: NetName=NetC10_2 Pin=VD30-2
Added Pin To Net: NetName=NetVD31_1 Pin=VD31-1
Added Pin To Net: NetName=A_IN Pin=VD31-2
Added Pin To Net: NetName=NetVD32_1 Pin=VD32-1
Added Pin To Net: NetName=B_IN Pin=VD32-2
Added Pin To Net: NetName=NetVD33_1 Pin=VD33-1
Added Pin To Net: NetName=C_IN Pin=VD33-2
Added Pin To Net: NetName=CS_C Pin=X1-1
Added Pin To Net: NetName=CS_B Pin=X1-2
Added Pin To Net: NetName=CS_A Pin=X1-3
Added Pin To Net: NetName=CLKOUT Pin=X1-4
Added Pin To Net: NetName=GND Pin=X1-5
Added Pin To Net: NetName=SCLK Pin=X2-1
Added Pin To Net: NetName=MISO Pin=X2-2
Added Pin To Net: NetName=MOSI Pin=X2-3
Added Pin To Net: NetName=+3.3V Pin=X2-4
Added Pin To Net: NetName=GND Pin=X2-5
Added Pin To Net: NetName=NetVD31_1 Pin=X3-1
Added Pin To Net: NetName=NetVD32_1 Pin=X3-3
Added Pin To Net: NetName=NetVD33_1 Pin=X3-5
Added Pin To Net: NetName=A_IN Pin=X4-1
Added Pin To Net: NetName=A_IN Pin=X4-1
Added Pin To Net: NetName=A_OUT Pin=X4-2
Added Pin To Net: NetName=A_OUT Pin=X4-2
Added Pin To Net: NetName=B_IN Pin=X4-4
Added Pin To Net: NetName=B_IN Pin=X4-4
Added Pin To Net: NetName=B_OUT Pin=X4-5
Added Pin To Net: NetName=B_OUT Pin=X4-5
Added Pin To Net: NetName=C_IN Pin=X5-1
Added Pin To Net: NetName=C_IN Pin=X5-1
Added Pin To Net: NetName=C_OUT Pin=X5-2
Added Pin To Net: NetName=C_OUT Pin=X5-2
Added Pin To Net: NetName=NEUTRAL Pin=X5-5
Added Pin To Net: NetName=NEUTRAL Pin=X5-5
