Added Component: Designator=TP1(Test_Point)
Added Component: Designator=TP2(Test_Point)
Added Component: Designator=TP3(Test_Point)
Added Component: Designator=TP4(Test_Point)
Added Component: Designator=TP5(Test_Point)
Added Component: Designator=TP6(Test_Point)
Added Component: Designator=TP7(Test_Point)
Added Component: Designator=TP8(Test_Point)
Added Component: Designator=TP9(Test_Point)
Added Component: Designator=TP10(Test_Point)
Added Component: Designator=TP11(Test_Point)
Added Component: Designator=TP12(Test_Point)
Added Component: Designator=TP13(Test_Point)
Added Component: Designator=TP14(Test_Point)
Added Component: Designator=TP15(Test_Point)
Added Component: Designator=TP16(Test_Point)
Added Component: Designator=TP17(Test_Point)
Added Component: Designator=TP18(Test_Point)
Added Component: Designator=TP19(Test_Point)
Added Component: Designator=TP20(Test_Point)
Added Component: Designator=TP21(Test_Point)
Added Component: Designator=TP22(Test_Point)
Added Component: Designator=TP23(Test_Point)
Added Component: Designator=TP24(Test_Point)
Added Pin To Net: NetName=NEUTRAL Pin=TP1-1
Added Pin To Net: NetName=VM_A Pin=TP2-1
Added Pin To Net: NetName=V1P_A Pin=TP3-1
Added Pin To Net: NetName=V1P_C Pin=TP4-1
Added Pin To Net: NetName=V2P_B Pin=TP5-1
Added Pin To Net: NetName=V1P_B Pin=TP6-1
Added Pin To Net: NetName=V2P_C Pin=TP7-1
Added Pin To Net: NetName=VM_C Pin=TP8-1
Added Pin To Net: NetName=V2P_A Pin=TP9-1
Added Pin To Net: NetName=VM_B Pin=TP10-1
Added Pin To Net: NetName=NetC13_2 Pin=TP11-1
Added Pin To Net: NetName=NetC14_2 Pin=TP12-1
Added Pin To Net: NetName=NetC15_2 Pin=TP13-1
Added Pin To Net: NetName=NetC10_2 Pin=TP14-1
Added Pin To Net: NetName=NetC12_2 Pin=TP16-1
Added Pin To Net: NetName=GNDISO_A Pin=TP17-1
Added Pin To Net: NetName=GNDISO_C Pin=TP18-1
Added Pin To Net: NetName=GNDISO_B Pin=TP19-1
Added Pin To Net: NetName=NetC23_2 Pin=TP20-1
Added Pin To Net: NetName=NetC22_2 Pin=TP21-1
Added Pin To Net: NetName=NetC24_2 Pin=TP22-1
Added Pin To Net: NetName=3.3V Pin=TP23-1
Added Pin To Net: NetName=GND Pin=TP24-1
