Removed Pin From Net: NetName=NEUTRAL Pin=J1-1
Removed Pin From Net: NetName=NEUTRAL Pin=J1-1
Removed Pin From Net: NetName=NEUTRAL Pin=J1-1
Removed Pin From Net: NetName=NEUTRAL Pin=J1-1
Removed Pin From Net: NetName=NEUTRAL Pin=J2-1
Removed Pin From Net: NetName=NEUTRAL Pin=J2-1
Removed Pin From Net: NetName=NEUTRAL Pin=J2-1
Removed Pin From Net: NetName=NEUTRAL Pin=J2-1
Removed Pin From Net: NetName=A_IN Pin=J3-1
Removed Pin From Net: NetName=A_IN Pin=J3-1
Removed Pin From Net: NetName=A_IN Pin=J3-1
Removed Pin From Net: NetName=A_IN Pin=J3-1
Removed Pin From Net: NetName=A_OUT Pin=J4-1
Removed Pin From Net: NetName=A_OUT Pin=J4-1
Removed Pin From Net: NetName=A_OUT Pin=J4-1
Removed Pin From Net: NetName=A_OUT Pin=J4-1
Removed Pin From Net: NetName=B_IN Pin=J5-1
Removed Pin From Net: NetName=B_IN Pin=J5-1
Removed Pin From Net: NetName=B_IN Pin=J5-1
Removed Pin From Net: NetName=B_IN Pin=J5-1
Removed Pin From Net: NetName=B_OUT Pin=J6-1
Removed Pin From Net: NetName=B_OUT Pin=J6-1
Removed Pin From Net: NetName=B_OUT Pin=J6-1
Removed Pin From Net: NetName=B_OUT Pin=J6-1
Removed Pin From Net: NetName=C_IN Pin=J7-1
Removed Pin From Net: NetName=C_IN Pin=J7-1
Removed Pin From Net: NetName=C_IN Pin=J7-1
Removed Pin From Net: NetName=C_IN Pin=J7-1
Removed Pin From Net: NetName=C_OUT Pin=J8-1
Removed Pin From Net: NetName=C_OUT Pin=J8-1
Removed Pin From Net: NetName=C_OUT Pin=J8-1
Removed Pin From Net: NetName=C_OUT Pin=J8-1
Removed Pin From Net: NetName=A_OUT Pin=R28-1
Removed Pin From Net: NetName=A_IN Pin=R28-2
Removed Pin From Net: NetName=B_OUT Pin=R29-1
Removed Pin From Net: NetName=B_IN Pin=R29-2
Removed Pin From Net: NetName=C_OUT Pin=R30-1
Removed Pin From Net: NetName=C_IN Pin=R30-2
Removed Pin From Net: NetName=A_OUT Pin=R31-1
Removed Pin From Net: NetName=A_IN Pin=R31-2
Removed Pin From Net: NetName=B_OUT Pin=R32-1
Removed Pin From Net: NetName=B_IN Pin=R32-2
Removed Pin From Net: NetName=C_OUT Pin=R33-1
Removed Pin From Net: NetName=C_IN Pin=R33-2
Removed Pin From Net: NetName=+3.3V Pin=X1-4
Removed Pin From Net: NetName=MISO Pin=X2-1
Removed Pin From Net: NetName=MOSI Pin=X2-2
Removed Pin From Net: NetName=SCLK Pin=X2-3
Removed Pin From Net: NetName=CLKOUT Pin=X2-4
Added Pin To Net: NetName=CLKOUT Pin=X1-4
Added Pin To Net: NetName=SCLK Pin=X2-1
Added Pin To Net: NetName=MISO Pin=X2-2
Added Pin To Net: NetName=MOSI Pin=X2-3
Added Pin To Net: NetName=+3.3V Pin=X2-4
