Removed Pin From Net: NetName=NetVD1_1 Pin=C34-2
Removed Pin From Net: NetName=NetVD1_1 Pin=C35-2
Added Component: Designator=DD1(SOIC20)
Added Component: Designator=DD2(SOIC20)
Added Component: Designator=DD3(SOIC20)
Added Pin To Net: NetName=NetC34_2 Pin=C34-2
Added Pin To Net: NetName=NetC35_2 Pin=C35-2
Added Pin To Net: NetName=NetC24_2 Pin=DD1-1
Added Pin To Net: NetName=GNDISO_A Pin=DD1-2
Added Pin To Net: NetName=V2P_A Pin=DD1-3
Added Pin To Net: NetName=V1P_A Pin=DD1-4
Added Pin To Net: NetName=VM_A Pin=DD1-5
Added Pin To Net: NetName=NetC10_2 Pin=DD1-6
Added Pin To Net: NetName=NetC11_2 Pin=DD1-7
Added Pin To Net: NetName=NetC16_2 Pin=DD1-8
Added Pin To Net: NetName=NetC25_2 Pin=DD1-9
Added Pin To Net: NetName=GNDISO_A Pin=DD1-10
Added Pin To Net: NetName=GND Pin=DD1-11
Added Pin To Net: NetName=CLKOUT Pin=DD1-12
Added Pin To Net: NetName=NetDD1_13 Pin=DD1-13
Added Pin To Net: NetName=MOSI Pin=DD1-15
Added Pin To Net: NetName=MISO Pin=DD1-16
Added Pin To Net: NetName=SCLK Pin=DD1-17
Added Pin To Net: NetName=CS_A Pin=DD1-18
Added Pin To Net: NetName=GND Pin=DD1-20
Added Pin To Net: NetName=NetC22_2 Pin=DD2-1
Added Pin To Net: NetName=GNDISO_B Pin=DD2-2
Added Pin To Net: NetName=V2P_B Pin=DD2-3
Added Pin To Net: NetName=V1P_B Pin=DD2-4
Added Pin To Net: NetName=VM_B Pin=DD2-5
Added Pin To Net: NetName=NetC12_2 Pin=DD2-6
Added Pin To Net: NetName=NetC13_2 Pin=DD2-7
Added Pin To Net: NetName=NetC17_2 Pin=DD2-8
Added Pin To Net: NetName=NetC26_2 Pin=DD2-9
Added Pin To Net: NetName=GNDISO_B Pin=DD2-10
Added Pin To Net: NetName=GND Pin=DD2-11
Added Pin To Net: NetName=NetDD1_13 Pin=DD2-13
Added Pin To Net: NetName=MOSI Pin=DD2-15
Added Pin To Net: NetName=MISO Pin=DD2-16
Added Pin To Net: NetName=SCLK Pin=DD2-17
Added Pin To Net: NetName=CS_B Pin=DD2-18
Added Pin To Net: NetName=GND Pin=DD2-20
Added Pin To Net: NetName=NetC23_2 Pin=DD3-1
Added Pin To Net: NetName=GNDISO_C Pin=DD3-2
Added Pin To Net: NetName=V2P_C Pin=DD3-3
Added Pin To Net: NetName=V1P_C Pin=DD3-4
Added Pin To Net: NetName=VM_C Pin=DD3-5
Added Pin To Net: NetName=NetC14_2 Pin=DD3-6
Added Pin To Net: NetName=NetC15_2 Pin=DD3-7
Added Pin To Net: NetName=NetC18_2 Pin=DD3-8
Added Pin To Net: NetName=NetC27_2 Pin=DD3-9
Added Pin To Net: NetName=GNDISO_C Pin=DD3-10
Added Pin To Net: NetName=GND Pin=DD3-11
Added Pin To Net: NetName=NetDD1_13 Pin=DD3-12
Added Pin To Net: NetName=NetC34_2 Pin=DD3-13
Added Pin To Net: NetName=NetC35_2 Pin=DD3-14
Added Pin To Net: NetName=MOSI Pin=DD3-15
Added Pin To Net: NetName=MISO Pin=DD3-16
Added Pin To Net: NetName=SCLK Pin=DD3-17
Added Pin To Net: NetName=CS_C Pin=DD3-18
Added Pin To Net: NetName=GND Pin=DD3-20
